{"/home/travis/build/npmtest/node-npmtest-google-play-scraper/test.js":{"path":"/home/travis/build/npmtest/node-npmtest-google-play-scraper/test.js","s":{"1":2,"2":2,"3":2,"4":2,"5":2,"6":2,"7":2,"8":1,"9":2,"10":2,"11":1,"12":1,"13":1,"14":1,"15":2,"16":2,"17":2,"18":2,"19":1,"20":1,"21":2,"22":2,"23":2,"24":1,"25":1,"26":1,"27":1,"28":1,"29":1,"30":1,"31":1,"32":1,"33":1,"34":1,"35":1,"36":1,"37":1,"38":1,"39":2,"40":2,"41":1,"42":2,"43":2,"44":1,"45":2,"46":2,"47":1,"48":2,"49":2,"50":1,"51":1,"52":1,"53":1,"54":1},"b":{"1":[2,1,1,1],"2":[1,1,1,1],"3":[1,1],"4":[1,1],"5":[1,1],"6":[1,1],"7":[1,1],"8":[1,1],"9":[1,1],"10":[1,1,1],"11":[1,1],"12":[1,1],"13":[1,1],"14":[1,1],"15":[1,1],"16":[1,1],"17":[1,1]},"f":{"1":2,"2":2,"3":2,"4":2,"5":2,"6":1,"7":1,"8":1,"9":2,"10":2,"11":2,"12":2,"13":1},"fnMap":{"1":{"name":"(anonymous_1)","line":12,"loc":{"start":{"line":12,"column":1},"end":{"line":12,"column":13}}},"2":{"name":"(anonymous_2)","line":19,"loc":{"start":{"line":19,"column":5},"end":{"line":19,"column":17}}},"3":{"name":"(anonymous_3)","line":23,"loc":{"start":{"line":23,"column":24},"end":{"line":23,"column":36}}},"4":{"name":"(anonymous_4)","line":61,"loc":{"start":{"line":61,"column":5},"end":{"line":61,"column":17}}},"5":{"name":"(anonymous_5)","line":82,"loc":{"start":{"line":82,"column":5},"end":{"line":82,"column":17}}},"6":{"name":"(anonymous_6)","line":91,"loc":{"start":{"line":91,"column":77},"end":{"line":94,"column":10}}},"7":{"name":"(anonymous_7)","line":112,"loc":{"start":{"line":112,"column":83},"end":{"line":115,"column":10}},"skip":true},"8":{"name":"(anonymous_8)","line":123,"loc":{"start":{"line":123,"column":77},"end":{"line":126,"column":10}},"skip":true},"9":{"name":"(anonymous_9)","line":139,"loc":{"start":{"line":139,"column":12},"end":{"line":139,"column":40}},"skip":true},"10":{"name":"(anonymous_10)","line":147,"loc":{"start":{"line":147,"column":77},"end":{"line":150,"column":10}},"skip":true},"11":{"name":"(anonymous_11)","line":158,"loc":{"start":{"line":158,"column":83},"end":{"line":161,"column":10}},"skip":true},"12":{"name":"(anonymous_12)","line":169,"loc":{"start":{"line":169,"column":79},"end":{"line":172,"column":10}},"skip":true},"13":{"name":"(anonymous_13)","line":180,"loc":{"start":{"line":180,"column":75},"end":{"line":183,"column":10}},"skip":true}},"statementMap":{"1":{"start":{"line":12,"column":0},"end":{"line":195,"column":5}},"2":{"start":{"line":14,"column":4},"end":{"line":14,"column":14}},"3":{"start":{"line":19,"column":4},"end":{"line":56,"column":9}},"4":{"start":{"line":21,"column":8},"end":{"line":21,"column":19}},"5":{"start":{"line":23,"column":8},"end":{"line":35,"column":13}},"6":{"start":{"line":24,"column":12},"end":{"line":34,"column":13}},"7":{"start":{"line":25,"column":16},"end":{"line":28,"column":30}},"8":{"start":{"line":30,"column":16},"end":{"line":33,"column":27}},"9":{"start":{"line":37,"column":8},"end":{"line":39,"column":21}},"10":{"start":{"line":40,"column":8},"end":{"line":53,"column":9}},"11":{"start":{"line":43,"column":12},"end":{"line":46,"column":14}},"12":{"start":{"line":47,"column":12},"end":{"line":47,"column":18}},"13":{"start":{"line":50,"column":12},"end":{"line":51,"column":33}},"14":{"start":{"line":52,"column":12},"end":{"line":52,"column":18}},"15":{"start":{"line":55,"column":8},"end":{"line":55,"column":35}},"16":{"start":{"line":61,"column":4},"end":{"line":63,"column":9}},"17":{"start":{"line":62,"column":8},"end":{"line":62,"column":15}},"18":{"start":{"line":64,"column":4},"end":{"line":77,"column":5}},"19":{"start":{"line":70,"column":8},"end":{"line":70,"column":14}},"20":{"start":{"line":76,"column":8},"end":{"line":76,"column":14}},"21":{"start":{"line":82,"column":4},"end":{"line":84,"column":9}},"22":{"start":{"line":83,"column":8},"end":{"line":83,"column":15}},"23":{"start":{"line":85,"column":4},"end":{"line":194,"column":5}},"24":{"start":{"line":91,"column":8},"end":{"line":99,"column":10}},"25":{"start":{"line":98,"column":12},"end":{"line":98,"column":35}},"26":{"start":{"line":102,"column":8},"end":{"line":104,"column":63}},"27":{"start":{"line":105,"column":8},"end":{"line":105,"column":14}},"28":{"start":{"line":112,"column":8},"end":{"line":121,"column":10},"skip":true},"29":{"start":{"line":119,"column":12},"end":{"line":119,"column":55},"skip":true},"30":{"start":{"line":120,"column":12},"end":{"line":120,"column":48},"skip":true},"31":{"start":{"line":123,"column":8},"end":{"line":136,"column":10},"skip":true},"32":{"start":{"line":130,"column":12},"end":{"line":130,"column":76},"skip":true},"33":{"start":{"line":131,"column":12},"end":{"line":131,"column":73},"skip":true},"34":{"start":{"line":132,"column":12},"end":{"line":132,"column":74},"skip":true},"35":{"start":{"line":133,"column":12},"end":{"line":133,"column":79},"skip":true},"36":{"start":{"line":134,"column":12},"end":{"line":134,"column":25},"skip":true},"37":{"start":{"line":135,"column":12},"end":{"line":135,"column":45},"skip":true},"38":{"start":{"line":138,"column":8},"end":{"line":145,"column":14},"skip":true},"39":{"start":{"line":143,"column":16},"end":{"line":143,"column":29},"skip":true},"40":{"start":{"line":144,"column":16},"end":{"line":144,"column":55},"skip":true},"41":{"start":{"line":147,"column":8},"end":{"line":156,"column":10},"skip":true},"42":{"start":{"line":154,"column":12},"end":{"line":154,"column":25},"skip":true},"43":{"start":{"line":155,"column":12},"end":{"line":155,"column":45},"skip":true},"44":{"start":{"line":158,"column":8},"end":{"line":167,"column":10},"skip":true},"45":{"start":{"line":165,"column":12},"end":{"line":165,"column":25},"skip":true},"46":{"start":{"line":166,"column":12},"end":{"line":166,"column":48},"skip":true},"47":{"start":{"line":169,"column":8},"end":{"line":178,"column":10},"skip":true},"48":{"start":{"line":176,"column":12},"end":{"line":176,"column":25},"skip":true},"49":{"start":{"line":177,"column":12},"end":{"line":177,"column":46},"skip":true},"50":{"start":{"line":180,"column":8},"end":{"line":189,"column":10},"skip":true},"51":{"start":{"line":187,"column":12},"end":{"line":187,"column":94},"skip":true},"52":{"start":{"line":188,"column":12},"end":{"line":188,"column":48},"skip":true},"53":{"start":{"line":192,"column":8},"end":{"line":192,"column":35},"skip":true},"54":{"start":{"line":193,"column":8},"end":{"line":193,"column":14},"skip":true}},"branchMap":{"1":{"line":25,"type":"binary-expr","locations":[{"start":{"line":25,"column":23},"end":{"line":25,"column":62}},{"start":{"line":26,"column":20},"end":{"line":26,"column":70}},{"start":{"line":27,"column":20},"end":{"line":27,"column":71}},{"start":{"line":28,"column":20},"end":{"line":28,"column":29}}]},"2":{"line":30,"type":"binary-expr","locations":[{"start":{"line":30,"column":23},"end":{"line":30,"column":37}},{"start":{"line":31,"column":20},"end":{"line":31,"column":61}},{"start":{"line":32,"column":20},"end":{"line":32,"column":70}},{"start":{"line":33,"column":20},"end":{"line":33,"column":26}}]},"3":{"line":37,"type":"cond-expr","locations":[{"start":{"line":38,"column":14},"end":{"line":38,"column":20}},{"start":{"line":39,"column":14},"end":{"line":39,"column":20}}]},"4":{"line":40,"type":"switch","locations":[{"start":{"line":42,"column":8},"end":{"line":47,"column":18}},{"start":{"line":49,"column":8},"end":{"line":52,"column":18}}]},"5":{"line":44,"type":"binary-expr","locations":[{"start":{"line":44,"column":16},"end":{"line":44,"column":44}},{"start":{"line":44,"column":48},"end":{"line":44,"column":66}}]},"6":{"line":50,"type":"binary-expr","locations":[{"start":{"line":50,"column":21},"end":{"line":50,"column":49}},{"start":{"line":50,"column":53},"end":{"line":50,"column":72}}]},"7":{"line":64,"type":"switch","locations":[{"start":{"line":69,"column":4},"end":{"line":70,"column":14}},{"start":{"line":75,"column":4},"end":{"line":76,"column":14}}]},"8":{"line":85,"type":"switch","locations":[{"start":{"line":90,"column":4},"end":{"line":105,"column":14}},{"start":{"line":111,"column":4},"end":{"line":193,"column":14},"skip":true}]},"9":{"line":91,"type":"binary-expr","locations":[{"start":{"line":91,"column":42},"end":{"line":91,"column":73}},{"start":{"line":91,"column":77},"end":{"line":99,"column":9}}]},"10":{"line":102,"type":"binary-expr","locations":[{"start":{"line":102,"column":18},"end":{"line":102,"column":32}},{"start":{"line":103,"column":12},"end":{"line":103,"column":53}},{"start":{"line":104,"column":12},"end":{"line":104,"column":61}}]},"11":{"line":112,"type":"binary-expr","locations":[{"start":{"line":112,"column":45},"end":{"line":112,"column":79},"skip":true},{"start":{"line":112,"column":83},"end":{"line":121,"column":9},"skip":true}]},"12":{"line":123,"type":"binary-expr","locations":[{"start":{"line":123,"column":42},"end":{"line":123,"column":73},"skip":true},{"start":{"line":123,"column":77},"end":{"line":136,"column":9},"skip":true}]},"13":{"line":138,"type":"binary-expr","locations":[{"start":{"line":138,"column":48},"end":{"line":138,"column":85},"skip":true},{"start":{"line":139,"column":12},"end":{"line":145,"column":13},"skip":true}]},"14":{"line":147,"type":"binary-expr","locations":[{"start":{"line":147,"column":42},"end":{"line":147,"column":73},"skip":true},{"start":{"line":147,"column":77},"end":{"line":156,"column":9},"skip":true}]},"15":{"line":158,"type":"binary-expr","locations":[{"start":{"line":158,"column":45},"end":{"line":158,"column":79},"skip":true},{"start":{"line":158,"column":83},"end":{"line":167,"column":9},"skip":true}]},"16":{"line":169,"type":"binary-expr","locations":[{"start":{"line":169,"column":43},"end":{"line":169,"column":75},"skip":true},{"start":{"line":169,"column":79},"end":{"line":178,"column":9},"skip":true}]},"17":{"line":180,"type":"binary-expr","locations":[{"start":{"line":180,"column":41},"end":{"line":180,"column":71},"skip":true},{"start":{"line":180,"column":75},"end":{"line":189,"column":9},"skip":true}]}},"code":["/* istanbul instrument in package npmtest_google_play_scraper */","/*jslint","    bitwise: true,","    browser: true,","    maxerr: 8,","    maxlen: 96,","    node: true,","    nomen: true,","    regexp: true,","    stupid: true","*/","(function () {","    'use strict';","    var local;","","","","    // run shared js-env code - init-before","    (function () {","        // init local","        local = {};","        // init modeJs","        local.modeJs = (function () {","            try {","                return typeof navigator.userAgent === 'string' &&","                    typeof document.querySelector('body') === 'object' &&","                    typeof XMLHttpRequest.prototype.open === 'function' &&","                    'browser';","            } catch (errorCaughtBrowser) {","                return module.exports &&","                    typeof process.versions.node === 'string' &&","                    typeof require('http').createServer === 'function' &&","                    'node';","            }","        }());","        // init global","        local.global = local.modeJs === 'browser'","            ? window","            : global;","        switch (local.modeJs) {","        // re-init local from window.local","        case 'browser':","            local = local.global.utility2.objectSetDefault(","                local.global.utility2_rollup || local.global.local,","                local.global.utility2","            );","            break;","        // re-init local from example.js","        case 'node':","            local = (local.global.utility2_rollup || require('utility2'))","                .requireReadme();","            break;","        }","        // export local","        local.global.local = local;","    }());","","","","    // run shared js-env code - function","    (function () {","        return;","    }());","    switch (local.modeJs) {","","","","    // run browser js-env code - function","    case 'browser':","        break;","","","","    // run node js-env code - function","    case 'node':","        break;","    }","","","","    // run shared js-env code - init-after","    (function () {","        return;","    }());","    switch (local.modeJs) {","","","","    // run browser js-env code - init-after","    case 'browser':","        local.testCase_browser_nullCase = local.testCase_browser_nullCase || function (","            options,","            onError","        ) {","        /*","         * this function will test browsers's null-case handling-behavior-behavior","         */","            onError(null, options);","        };","","        // run tests","        local.nop(local.modeTest &&","            document.querySelector('#testRunButton1') &&","            document.querySelector('#testRunButton1').click());","        break;","","","","    // run node js-env code - init-after","    /* istanbul ignore next */","    case 'node':","        local.testCase_buildApidoc_default = local.testCase_buildApidoc_default || function (","            options,","            onError","        ) {","        /*","         * this function will test buildApidoc's default handling-behavior-behavior","         */","            options = { modulePathList: module.paths };","            local.buildApidoc(options, onError);","        };","","        local.testCase_buildApp_default = local.testCase_buildApp_default || function (","            options,","            onError","        ) {","        /*","         * this function will test buildApp's default handling-behavior-behavior","         */","            local.testCase_buildReadme_default(options, local.onErrorThrow);","            local.testCase_buildLib_default(options, local.onErrorThrow);","            local.testCase_buildTest_default(options, local.onErrorThrow);","            local.testCase_buildCustomOrg_default(options, local.onErrorThrow);","            options = [];","            local.buildApp(options, onError);","        };","","        local.testCase_buildCustomOrg_default = local.testCase_buildCustomOrg_default ||","            function (options, onError) {","            /*","             * this function will test buildCustomOrg's default handling-behavior","             */","                options = {};","                local.buildCustomOrg(options, onError);","            };","","        local.testCase_buildLib_default = local.testCase_buildLib_default || function (","            options,","            onError","        ) {","        /*","         * this function will test buildLib's default handling-behavior","         */","            options = {};","            local.buildLib(options, onError);","        };","","        local.testCase_buildReadme_default = local.testCase_buildReadme_default || function (","            options,","            onError","        ) {","        /*","         * this function will test buildReadme's default handling-behavior-behavior","         */","            options = {};","            local.buildReadme(options, onError);","        };","","        local.testCase_buildTest_default = local.testCase_buildTest_default || function (","            options,","            onError","        ) {","        /*","         * this function will test buildTest's default handling-behavior","         */","            options = {};","            local.buildTest(options, onError);","        };","","        local.testCase_webpage_default = local.testCase_webpage_default || function (","            options,","            onError","        ) {","        /*","         * this function will test webpage's default handling-behavior","         */","            options = { modeCoverageMerge: true, url: local.serverLocalHost + '?modeTest=1' };","            local.browserTest(options, onError);","        };","","        // run test-server","        local.testRunServer(local);","        break;","    }","}());",""],"l":{"12":2,"14":2,"19":2,"21":2,"23":2,"24":2,"25":2,"30":1,"37":2,"40":2,"43":1,"47":1,"50":1,"52":1,"55":2,"61":2,"62":2,"64":2,"70":1,"76":1,"82":2,"83":2,"85":2,"91":1,"98":1,"102":1,"105":1,"112":1,"119":1,"120":1,"123":1,"130":1,"131":1,"132":1,"133":1,"134":1,"135":1,"138":1,"143":2,"144":2,"147":1,"154":2,"155":2,"158":1,"165":2,"166":2,"169":1,"176":2,"177":2,"180":1,"187":1,"188":1,"192":1,"193":1}},"/home/travis/build/npmtest/node-npmtest-google-play-scraper/lib.npmtest_google_play_scraper.js":{"path":"/home/travis/build/npmtest/node-npmtest-google-play-scraper/lib.npmtest_google_play_scraper.js","s":{"1":2,"2":2,"3":2,"4":2,"5":2,"6":2,"7":2,"8":1,"9":2,"10":2,"11":2,"12":2,"13":1,"14":1,"15":1,"16":1},"b":{"1":[2,1,1,1],"2":[1,1,1,1],"3":[1,1],"4":[2,2],"5":[1,1]},"f":{"1":2,"2":2,"3":2},"fnMap":{"1":{"name":"(anonymous_1)","line":12,"loc":{"start":{"line":12,"column":1},"end":{"line":12,"column":13}}},"2":{"name":"(anonymous_2)","line":19,"loc":{"start":{"line":19,"column":5},"end":{"line":19,"column":17}}},"3":{"name":"(anonymous_3)","line":23,"loc":{"start":{"line":23,"column":24},"end":{"line":23,"column":36}}}},"statementMap":{"1":{"start":{"line":12,"column":0},"end":{"line":53,"column":5}},"2":{"start":{"line":14,"column":4},"end":{"line":14,"column":14}},"3":{"start":{"line":19,"column":4},"end":{"line":52,"column":9}},"4":{"start":{"line":21,"column":8},"end":{"line":21,"column":19}},"5":{"start":{"line":23,"column":8},"end":{"line":35,"column":13}},"6":{"start":{"line":24,"column":12},"end":{"line":34,"column":13}},"7":{"start":{"line":25,"column":16},"end":{"line":28,"column":30}},"8":{"start":{"line":30,"column":16},"end":{"line":33,"column":27}},"9":{"start":{"line":37,"column":8},"end":{"line":39,"column":21}},"10":{"start":{"line":41,"column":8},"end":{"line":41,"column":54}},"11":{"start":{"line":43,"column":8},"end":{"line":43,"column":64}},"12":{"start":{"line":45,"column":8},"end":{"line":51,"column":9}},"13":{"start":{"line":46,"column":12},"end":{"line":46,"column":70}},"14":{"start":{"line":48,"column":12},"end":{"line":48,"column":35}},"15":{"start":{"line":49,"column":12},"end":{"line":49,"column":49}},"16":{"start":{"line":50,"column":12},"end":{"line":50,"column":43}}},"branchMap":{"1":{"line":25,"type":"binary-expr","locations":[{"start":{"line":25,"column":23},"end":{"line":25,"column":62}},{"start":{"line":26,"column":20},"end":{"line":26,"column":70}},{"start":{"line":27,"column":20},"end":{"line":27,"column":71}},{"start":{"line":28,"column":20},"end":{"line":28,"column":29}}]},"2":{"line":30,"type":"binary-expr","locations":[{"start":{"line":30,"column":23},"end":{"line":30,"column":37}},{"start":{"line":31,"column":20},"end":{"line":31,"column":61}},{"start":{"line":32,"column":20},"end":{"line":32,"column":70}},{"start":{"line":33,"column":20},"end":{"line":33,"column":26}}]},"3":{"line":37,"type":"cond-expr","locations":[{"start":{"line":38,"column":14},"end":{"line":38,"column":20}},{"start":{"line":39,"column":14},"end":{"line":39,"column":20}}]},"4":{"line":41,"type":"binary-expr","locations":[{"start":{"line":41,"column":16},"end":{"line":41,"column":44}},{"start":{"line":41,"column":48},"end":{"line":41,"column":53}}]},"5":{"line":45,"type":"if","locations":[{"start":{"line":45,"column":8},"end":{"line":45,"column":8}},{"start":{"line":45,"column":8},"end":{"line":45,"column":8}}]}},"code":["/* istanbul instrument in package npmtest_google_play_scraper */","/*jslint","    bitwise: true,","    browser: true,","    maxerr: 8,","    maxlen: 96,","    node: true,","    nomen: true,","    regexp: true,","    stupid: true","*/","(function () {","    'use strict';","    var local;","","","","    // run shared js-env code - init-before","    (function () {","        // init local","        local = {};","        // init modeJs","        local.modeJs = (function () {","            try {","                return typeof navigator.userAgent === 'string' &&","                    typeof document.querySelector('body') === 'object' &&","                    typeof XMLHttpRequest.prototype.open === 'function' &&","                    'browser';","            } catch (errorCaughtBrowser) {","                return module.exports &&","                    typeof process.versions.node === 'string' &&","                    typeof require('http').createServer === 'function' &&","                    'node';","            }","        }());","        // init global","        local.global = local.modeJs === 'browser'","            ? window","            : global;","        // init utility2_rollup","        local = local.global.utility2_rollup || local;","        // init lib","        local.local = local.npmtest_google_play_scraper = local;","        // init exports","        if (local.modeJs === 'browser') {","            local.global.utility2_npmtest_google_play_scraper = local;","        } else {","            module.exports = local;","            module.exports.__dirname = __dirname;","            module.exports.module = module;","        }","    }());","}());",""],"l":{"12":2,"14":2,"19":2,"21":2,"23":2,"24":2,"25":2,"30":1,"37":2,"41":2,"43":2,"45":2,"46":1,"48":1,"49":1,"50":1}},"/home/travis/build/npmtest/node-npmtest-google-play-scraper/example.js":{"path":"/home/travis/build/npmtest/node-npmtest-google-play-scraper/example.js","s":{"1":2,"2":2,"3":2,"4":2,"5":2,"6":2,"7":2,"8":1,"9":2,"10":2,"11":2,"12":2,"13":1,"14":2,"15":2,"16":2,"17":2,"18":2,"19":0,"20":2,"21":1,"22":1,"23":1,"24":1,"25":1,"26":0,"27":0,"28":1,"29":1,"30":2,"31":0,"32":0,"33":0,"34":1,"35":2,"36":2,"37":3,"38":3,"39":3,"40":3,"41":0,"42":3,"43":3,"44":3,"45":1,"46":3,"47":1,"48":1,"49":1,"50":1,"51":1,"52":1,"53":1,"54":1,"55":1,"56":1,"57":0,"58":1,"59":6,"60":6,"61":1,"62":2,"63":0,"64":2,"65":1,"66":1,"67":0,"68":0,"69":0,"70":0,"71":0,"72":0,"73":0,"74":0,"75":0,"76":0,"77":0,"78":0,"79":0,"80":0,"81":0,"82":0,"83":0},"b":{"1":[2,1,1,1],"2":[1,1,1,1],"3":[1,1],"4":[2,2],"5":[1,1],"6":[1,1],"7":[2,0],"8":[2,1,1,1,1,1],"9":[0,2,0],"10":[1,1],"11":[2,1,1],"12":[1,0],"13":[0,2],"14":[2,0,0,0,0,0,0],"15":[0,3],"16":[3,0],"17":[1,1],"18":[0,1],"19":[1,2,0,2],"20":[1,0],"21":[1,1],"22":[0,0],"23":[0,0],"24":[0,0],"25":[0,0],"26":[0,0],"27":[0,0],"28":[0,0]},"f":{"1":2,"2":2,"3":2,"4":2,"5":2,"6":2,"7":3,"8":3,"9":3,"10":1,"11":6,"12":0},"fnMap":{"1":{"name":"(anonymous_1)","line":26,"loc":{"start":{"line":26,"column":1},"end":{"line":26,"column":13}}},"2":{"name":"(anonymous_2)","line":33,"loc":{"start":{"line":33,"column":5},"end":{"line":33,"column":17}}},"3":{"name":"(anonymous_3)","line":37,"loc":{"start":{"line":37,"column":24},"end":{"line":37,"column":36}}},"4":{"name":"(anonymous_4)","line":69,"loc":{"start":{"line":69,"column":31},"end":{"line":69,"column":48}},"skip":true},"5":{"name":"(anonymous_5)","line":78,"loc":{"start":{"line":78,"column":26},"end":{"line":78,"column":45}},"skip":true},"6":{"name":"(anonymous_6)","line":123,"loc":{"start":{"line":123,"column":33},"end":{"line":123,"column":48}},"skip":true},"7":{"name":"(anonymous_7)","line":125,"loc":{"start":{"line":125,"column":27},"end":{"line":125,"column":39}},"skip":true},"8":{"name":"(anonymous_8)","line":133,"loc":{"start":{"line":133,"column":59},"end":{"line":133,"column":74}},"skip":true},"9":{"name":"(anonymous_9)","line":143,"loc":{"start":{"line":143,"column":45},"end":{"line":143,"column":62}},"skip":true},"10":{"name":"(anonymous_10)","line":144,"loc":{"start":{"line":144,"column":73},"end":{"line":144,"column":92}},"skip":true},"11":{"name":"(anonymous_11)","line":272,"loc":{"start":{"line":272,"column":51},"end":{"line":272,"column":77}},"skip":true},"12":{"name":"(anonymous_12)","line":315,"loc":{"start":{"line":315,"column":32},"end":{"line":315,"column":61}},"skip":true}},"statementMap":{"1":{"start":{"line":26,"column":0},"end":{"line":326,"column":5}},"2":{"start":{"line":28,"column":4},"end":{"line":28,"column":14}},"3":{"start":{"line":33,"column":4},"end":{"line":60,"column":9}},"4":{"start":{"line":35,"column":8},"end":{"line":35,"column":19}},"5":{"start":{"line":37,"column":8},"end":{"line":49,"column":13}},"6":{"start":{"line":38,"column":12},"end":{"line":48,"column":13}},"7":{"start":{"line":39,"column":16},"end":{"line":42,"column":30}},"8":{"start":{"line":44,"column":16},"end":{"line":47,"column":27}},"9":{"start":{"line":51,"column":8},"end":{"line":53,"column":21}},"10":{"start":{"line":55,"column":8},"end":{"line":57,"column":45}},"11":{"start":{"line":59,"column":8},"end":{"line":59,"column":35}},"12":{"start":{"line":61,"column":4},"end":{"line":325,"column":5}},"13":{"start":{"line":69,"column":8},"end":{"line":121,"column":10},"skip":true},"14":{"start":{"line":70,"column":12},"end":{"line":88,"column":13},"skip":true},"15":{"start":{"line":76,"column":16},"end":{"line":87,"column":19},"skip":true},"16":{"start":{"line":79,"column":20},"end":{"line":86,"column":21},"skip":true},"17":{"start":{"line":82,"column":24},"end":{"line":82,"column":43},"skip":true},"18":{"start":{"line":83,"column":24},"end":{"line":83,"column":30},"skip":true},"19":{"start":{"line":85,"column":24},"end":{"line":85,"column":49},"skip":true},"20":{"start":{"line":89,"column":12},"end":{"line":107,"column":13},"skip":true},"21":{"start":{"line":92,"column":16},"end":{"line":102,"column":17},"skip":true},"22":{"start":{"line":93,"column":20},"end":{"line":93,"column":86},"skip":true},"23":{"start":{"line":94,"column":20},"end":{"line":95,"column":45},"skip":true},"24":{"start":{"line":96,"column":20},"end":{"line":96,"column":42},"skip":true},"25":{"start":{"line":97,"column":20},"end":{"line":97,"column":48},"skip":true},"26":{"start":{"line":100,"column":20},"end":{"line":100,"column":85},"skip":true},"27":{"start":{"line":101,"column":20},"end":{"line":101,"column":96},"skip":true},"28":{"start":{"line":103,"column":16},"end":{"line":103,"column":22},"skip":true},"29":{"start":{"line":106,"column":16},"end":{"line":106,"column":22},"skip":true},"30":{"start":{"line":108,"column":12},"end":{"line":120,"column":13},"skip":true},"31":{"start":{"line":114,"column":16},"end":{"line":119,"column":17},"skip":true},"32":{"start":{"line":116,"column":20},"end":{"line":116,"column":78},"skip":true},"33":{"start":{"line":118,"column":20},"end":{"line":118,"column":47},"skip":true},"34":{"start":{"line":123,"column":8},"end":{"line":141,"column":11},"skip":true},"35":{"start":{"line":124,"column":12},"end":{"line":124,"column":54},"skip":true},"36":{"start":{"line":125,"column":12},"end":{"line":140,"column":14},"skip":true},"37":{"start":{"line":126,"column":16},"end":{"line":126,"column":28},"skip":true},"38":{"start":{"line":127,"column":16},"end":{"line":127,"column":69},"skip":true},"39":{"start":{"line":128,"column":16},"end":{"line":128,"column":75},"skip":true},"40":{"start":{"line":129,"column":16},"end":{"line":131,"column":17},"skip":true},"41":{"start":{"line":130,"column":20},"end":{"line":130,"column":27},"skip":true},"42":{"start":{"line":133,"column":16},"end":{"line":137,"column":36},"skip":true},"43":{"start":{"line":134,"column":20},"end":{"line":136,"column":55},"skip":true},"44":{"start":{"line":139,"column":16},"end":{"line":139,"column":57},"skip":true},"45":{"start":{"line":143,"column":8},"end":{"line":147,"column":11},"skip":true},"46":{"start":{"line":144,"column":12},"end":{"line":146,"column":15},"skip":true},"47":{"start":{"line":145,"column":16},"end":{"line":145,"column":70},"skip":true},"48":{"start":{"line":149,"column":8},"end":{"line":149,"column":31},"skip":true},"49":{"start":{"line":150,"column":8},"end":{"line":150,"column":14},"skip":true},"50":{"start":{"line":158,"column":8},"end":{"line":158,"column":31},"skip":true},"51":{"start":{"line":160,"column":8},"end":{"line":160,"column":33},"skip":true},"52":{"start":{"line":161,"column":8},"end":{"line":161,"column":37},"skip":true},"53":{"start":{"line":162,"column":8},"end":{"line":162,"column":35},"skip":true},"54":{"start":{"line":164,"column":8},"end":{"line":164,"column":50},"skip":true},"55":{"start":{"line":166,"column":8},"end":{"line":256,"column":2},"skip":true},"56":{"start":{"line":258,"column":8},"end":{"line":286,"column":9},"skip":true},"57":{"start":{"line":259,"column":12},"end":{"line":269,"column":14},"skip":true},"58":{"start":{"line":271,"column":12},"end":{"line":285,"column":19},"skip":true},"59":{"start":{"line":274,"column":20},"end":{"line":274,"column":35},"skip":true},"60":{"start":{"line":275,"column":20},"end":{"line":284,"column":21},"skip":true},"61":{"start":{"line":277,"column":24},"end":{"line":277,"column":64},"skip":true},"62":{"start":{"line":279,"column":24},"end":{"line":279,"column":40},"skip":true},"63":{"start":{"line":281,"column":24},"end":{"line":281,"column":40},"skip":true},"64":{"start":{"line":283,"column":24},"end":{"line":283,"column":39},"skip":true},"65":{"start":{"line":288,"column":8},"end":{"line":290,"column":9},"skip":true},"66":{"start":{"line":289,"column":12},"end":{"line":289,"column":18},"skip":true},"67":{"start":{"line":291,"column":8},"end":{"line":293,"column":54},"skip":true},"68":{"start":{"line":296,"column":8},"end":{"line":301,"column":37},"skip":true},"69":{"start":{"line":303,"column":8},"end":{"line":303,"column":82},"skip":true},"70":{"start":{"line":306,"column":8},"end":{"line":308,"column":9},"skip":true},"71":{"start":{"line":307,"column":12},"end":{"line":307,"column":82},"skip":true},"72":{"start":{"line":310,"column":8},"end":{"line":312,"column":9},"skip":true},"73":{"start":{"line":311,"column":12},"end":{"line":311,"column":18},"skip":true},"74":{"start":{"line":313,"column":8},"end":{"line":313,"column":54},"skip":true},"75":{"start":{"line":314,"column":8},"end":{"line":314,"column":69},"skip":true},"76":{"start":{"line":315,"column":8},"end":{"line":323,"column":36},"skip":true},"77":{"start":{"line":316,"column":12},"end":{"line":316,"column":61},"skip":true},"78":{"start":{"line":317,"column":12},"end":{"line":320,"column":13},"skip":true},"79":{"start":{"line":318,"column":16},"end":{"line":318,"column":75},"skip":true},"80":{"start":{"line":319,"column":16},"end":{"line":319,"column":23},"skip":true},"81":{"start":{"line":321,"column":12},"end":{"line":321,"column":38},"skip":true},"82":{"start":{"line":322,"column":12},"end":{"line":322,"column":27},"skip":true},"83":{"start":{"line":324,"column":8},"end":{"line":324,"column":14},"skip":true}},"branchMap":{"1":{"line":39,"type":"binary-expr","locations":[{"start":{"line":39,"column":23},"end":{"line":39,"column":62}},{"start":{"line":40,"column":20},"end":{"line":40,"column":70}},{"start":{"line":41,"column":20},"end":{"line":41,"column":71}},{"start":{"line":42,"column":20},"end":{"line":42,"column":29}}]},"2":{"line":44,"type":"binary-expr","locations":[{"start":{"line":44,"column":23},"end":{"line":44,"column":37}},{"start":{"line":45,"column":20},"end":{"line":45,"column":61}},{"start":{"line":46,"column":20},"end":{"line":46,"column":70}},{"start":{"line":47,"column":20},"end":{"line":47,"column":26}}]},"3":{"line":51,"type":"cond-expr","locations":[{"start":{"line":52,"column":14},"end":{"line":52,"column":20}},{"start":{"line":53,"column":14},"end":{"line":53,"column":20}}]},"4":{"line":55,"type":"binary-expr","locations":[{"start":{"line":55,"column":16},"end":{"line":55,"column":44}},{"start":{"line":55,"column":49},"end":{"line":57,"column":43}}]},"5":{"line":55,"type":"cond-expr","locations":[{"start":{"line":56,"column":14},"end":{"line":56,"column":63}},{"start":{"line":57,"column":14},"end":{"line":57,"column":43}}]},"6":{"line":61,"type":"switch","locations":[{"start":{"line":68,"column":4},"end":{"line":150,"column":14},"skip":true},{"start":{"line":156,"column":4},"end":{"line":324,"column":14},"skip":true}]},"7":{"line":70,"type":"if","locations":[{"start":{"line":70,"column":12},"end":{"line":70,"column":12},"skip":true},{"start":{"line":70,"column":12},"end":{"line":70,"column":12},"skip":true}]},"8":{"line":70,"type":"binary-expr","locations":[{"start":{"line":70,"column":16},"end":{"line":70,"column":22},"skip":true},{"start":{"line":70,"column":27},"end":{"line":70,"column":32},"skip":true},{"start":{"line":71,"column":20},"end":{"line":71,"column":39},"skip":true},{"start":{"line":72,"column":20},"end":{"line":72,"column":49},"skip":true},{"start":{"line":73,"column":20},"end":{"line":73,"column":58},"skip":true},{"start":{"line":74,"column":20},"end":{"line":74,"column":69},"skip":true}]},"9":{"line":79,"type":"switch","locations":[{"start":{"line":80,"column":20},"end":{"line":80,"column":33},"skip":true},{"start":{"line":81,"column":20},"end":{"line":83,"column":30},"skip":true},{"start":{"line":84,"column":20},"end":{"line":85,"column":49},"skip":true}]},"10":{"line":89,"type":"switch","locations":[{"start":{"line":90,"column":12},"end":{"line":103,"column":22},"skip":true},{"start":{"line":105,"column":12},"end":{"line":106,"column":22},"skip":true}]},"11":{"line":89,"type":"binary-expr","locations":[{"start":{"line":89,"column":20},"end":{"line":89,"column":25},"skip":true},{"start":{"line":89,"column":29},"end":{"line":89,"column":48},"skip":true},{"start":{"line":89,"column":52},"end":{"line":89,"column":74},"skip":true}]},"12":{"line":92,"type":"if","locations":[{"start":{"line":92,"column":16},"end":{"line":92,"column":16},"skip":true},{"start":{"line":92,"column":16},"end":{"line":92,"column":16},"skip":true}]},"13":{"line":108,"type":"if","locations":[{"start":{"line":108,"column":12},"end":{"line":108,"column":12},"skip":true},{"start":{"line":108,"column":12},"end":{"line":108,"column":12},"skip":true}]},"14":{"line":108,"type":"binary-expr","locations":[{"start":{"line":108,"column":16},"end":{"line":108,"column":61},"skip":true},{"start":{"line":108,"column":66},"end":{"line":108,"column":72},"skip":true},{"start":{"line":108,"column":77},"end":{"line":108,"column":82},"skip":true},{"start":{"line":109,"column":20},"end":{"line":109,"column":39},"skip":true},{"start":{"line":110,"column":20},"end":{"line":110,"column":49},"skip":true},{"start":{"line":111,"column":20},"end":{"line":111,"column":58},"skip":true},{"start":{"line":112,"column":20},"end":{"line":112,"column":68},"skip":true}]},"15":{"line":129,"type":"if","locations":[{"start":{"line":129,"column":16},"end":{"line":129,"column":16},"skip":true},{"start":{"line":129,"column":16},"end":{"line":129,"column":16},"skip":true}]},"16":{"line":134,"type":"cond-expr","locations":[{"start":{"line":135,"column":26},"end":{"line":135,"column":29},"skip":true},{"start":{"line":136,"column":26},"end":{"line":136,"column":54},"skip":true}]},"17":{"line":164,"type":"binary-expr","locations":[{"start":{"line":164,"column":27},"end":{"line":164,"column":43},"skip":true},{"start":{"line":164,"column":47},"end":{"line":164,"column":49},"skip":true}]},"18":{"line":258,"type":"if","locations":[{"start":{"line":258,"column":8},"end":{"line":258,"column":8},"skip":true},{"start":{"line":258,"column":8},"end":{"line":258,"column":8},"skip":true}]},"19":{"line":275,"type":"switch","locations":[{"start":{"line":276,"column":20},"end":{"line":277,"column":64},"skip":true},{"start":{"line":278,"column":20},"end":{"line":279,"column":40},"skip":true},{"start":{"line":280,"column":20},"end":{"line":281,"column":40},"skip":true},{"start":{"line":282,"column":20},"end":{"line":283,"column":39},"skip":true}]},"20":{"line":288,"type":"if","locations":[{"start":{"line":288,"column":8},"end":{"line":288,"column":8},"skip":true},{"start":{"line":288,"column":8},"end":{"line":288,"column":8},"skip":true}]},"21":{"line":288,"type":"binary-expr","locations":[{"start":{"line":288,"column":12},"end":{"line":288,"column":40},"skip":true},{"start":{"line":288,"column":44},"end":{"line":288,"column":67},"skip":true}]},"22":{"line":292,"type":"binary-expr","locations":[{"start":{"line":292,"column":12},"end":{"line":292,"column":50},"skip":true},{"start":{"line":293,"column":12},"end":{"line":293,"column":53},"skip":true}]},"23":{"line":297,"type":"binary-expr","locations":[{"start":{"line":297,"column":12},"end":{"line":297,"column":77},"skip":true},{"start":{"line":298,"column":12},"end":{"line":301,"column":36},"skip":true}]},"24":{"line":303,"type":"binary-expr","locations":[{"start":{"line":303,"column":43},"end":{"line":303,"column":75},"skip":true},{"start":{"line":303,"column":79},"end":{"line":303,"column":81},"skip":true}]},"25":{"line":306,"type":"if","locations":[{"start":{"line":306,"column":8},"end":{"line":306,"column":8},"skip":true},{"start":{"line":306,"column":8},"end":{"line":306,"column":8},"skip":true}]},"26":{"line":310,"type":"if","locations":[{"start":{"line":310,"column":8},"end":{"line":310,"column":8},"skip":true},{"start":{"line":310,"column":8},"end":{"line":310,"column":8},"skip":true}]},"27":{"line":313,"type":"binary-expr","locations":[{"start":{"line":313,"column":27},"end":{"line":313,"column":43},"skip":true},{"start":{"line":313,"column":47},"end":{"line":313,"column":53},"skip":true}]},"28":{"line":317,"type":"if","locations":[{"start":{"line":317,"column":12},"end":{"line":317,"column":12},"skip":true},{"start":{"line":317,"column":12},"end":{"line":317,"column":12},"skip":true}]}},"code":["/*","example.js","","quickstart example","","instruction","    1. save this script as example.js","    2. run the shell command:","        $ npm install npmtest-google-play-scraper && PORT=8081 node example.js","    3. play with the browser-demo on http://127.0.0.1:8081","*/","","","","/* istanbul instrument in package npmtest_google_play_scraper */","/*jslint","    bitwise: true,","    browser: true,","    maxerr: 8,","    maxlen: 96,","    node: true,","    nomen: true,","    regexp: true,","    stupid: true","*/","(function () {","    'use strict';","    var local;","","","","    // run shared js-env code - init-before","    (function () {","        // init local","        local = {};","        // init modeJs","        local.modeJs = (function () {","            try {","                return typeof navigator.userAgent === 'string' &&","                    typeof document.querySelector('body') === 'object' &&","                    typeof XMLHttpRequest.prototype.open === 'function' &&","                    'browser';","            } catch (errorCaughtBrowser) {","                return module.exports &&","                    typeof process.versions.node === 'string' &&","                    typeof require('http').createServer === 'function' &&","                    'node';","            }","        }());","        // init global","        local.global = local.modeJs === 'browser'","            ? window","            : global;","        // init utility2_rollup","        local = local.global.utility2_rollup || (local.modeJs === 'browser'","            ? local.global.utility2_npmtest_google_play_scraper","            : global.utility2_moduleExports);","        // export local","        local.global.local = local;","    }());","    switch (local.modeJs) {","","","","    // init-after","    // run browser js-env code - init-after","    /* istanbul ignore next */","    case 'browser':","        local.testRunBrowser = function (event) {","            if (!event || (event &&","                    event.currentTarget &&","                    event.currentTarget.className &&","                    event.currentTarget.className.includes &&","                    event.currentTarget.className.includes('onreset'))) {","                // reset output","                Array.from(","                    document.querySelectorAll('body > .resettable')","                ).forEach(function (element) {","                    switch (element.tagName) {","                    case 'INPUT':","                    case 'TEXTAREA':","                        element.value = '';","                        break;","                    default:","                        element.textContent = '';","                    }","                });","            }","            switch (event && event.currentTarget && event.currentTarget.id) {","            case 'testRunButton1':","                // show tests","                if (document.querySelector('#testReportDiv1').style.display === 'none') {","                    document.querySelector('#testReportDiv1').style.display = 'block';","                    document.querySelector('#testRunButton1').textContent =","                        'hide internal test';","                    local.modeTest = true;","                    local.testRunDefault(local);","                // hide tests","                } else {","                    document.querySelector('#testReportDiv1').style.display = 'none';","                    document.querySelector('#testRunButton1').textContent = 'run internal test';","                }","                break;","            // custom-case","            default:","                break;","            }","            if (document.querySelector('#inputTextareaEval1') && (!event || (event &&","                    event.currentTarget &&","                    event.currentTarget.className &&","                    event.currentTarget.className.includes &&","                    event.currentTarget.className.includes('oneval')))) {","                // try to eval input-code","                try {","                    /*jslint evil: true*/","                    eval(document.querySelector('#inputTextareaEval1').value);","                } catch (errorCaught) {","                    console.error(errorCaught);","                }","            }","        };","        // log stderr and stdout to #outputTextareaStdout1","        ['error', 'log'].forEach(function (key) {","            console[key + '_original'] = console[key];","            console[key] = function () {","                var element;","                console[key + '_original'].apply(console, arguments);","                element = document.querySelector('#outputTextareaStdout1');","                if (!element) {","                    return;","                }","                // append text to #outputTextareaStdout1","                element.value += Array.from(arguments).map(function (arg) {","                    return typeof arg === 'string'","                        ? arg","                        : JSON.stringify(arg, null, 4);","                }).join(' ') + '\\n';","                // scroll textarea to bottom","                element.scrollTop = element.scrollHeight;","            };","        });","        // init event-handling","        ['change', 'click', 'keyup'].forEach(function (event) {","            Array.from(document.querySelectorAll('.on' + event)).forEach(function (element) {","                element.addEventListener(event, local.testRunBrowser);","            });","        });","        // run tests","        local.testRunBrowser();","        break;","","","","    // run node js-env code - init-after","    /* istanbul ignore next */","    case 'node':","        // export local","        module.exports = local;","        // require modules","        local.fs = require('fs');","        local.http = require('http');","        local.url = require('url');","        // init assets","        local.assetsDict = local.assetsDict || {};","        /* jslint-ignore-begin */","        local.assetsDict['/assets.index.template.html'] = '\\","<!doctype html>\\n\\","<html lang=\"en\">\\n\\","<head>\\n\\","<meta charset=\"UTF-8\">\\n\\","<meta name=\"viewport\" content=\"width=device-width, initial-scale=1\">\\n\\","<title>{{env.npm_package_name}} (v{{env.npm_package_version}})</title>\\n\\","<style>\\n\\","/*csslint\\n\\","    box-sizing: false,\\n\\","    universal-selector: false\\n\\","*/\\n\\","* {\\n\\","    box-sizing: border-box;\\n\\","}\\n\\","body {\\n\\","    background: #dde;\\n\\","    font-family: Arial, Helvetica, sans-serif;\\n\\","    margin: 2rem;\\n\\","}\\n\\","body > * {\\n\\","    margin-bottom: 1rem;\\n\\","}\\n\\",".utility2FooterDiv {\\n\\","    margin-top: 20px;\\n\\","    text-align: center;\\n\\","}\\n\\","</style>\\n\\","<style>\\n\\","/*csslint\\n\\","*/\\n\\","textarea {\\n\\","    font-family: monospace;\\n\\","    height: 10rem;\\n\\","    width: 100%;\\n\\","}\\n\\","textarea[readonly] {\\n\\","    background: #ddd;\\n\\","}\\n\\","</style>\\n\\","</head>\\n\\","<body>\\n\\","<!-- utility2-comment\\n\\","<div id=\"ajaxProgressDiv1\" style=\"background: #d00; height: 2px; left: 0; margin: 0; padding: 0; position: fixed; top: 0; transition: background 0.5s, width 1.5s; width: 25%;\"></div>\\n\\","utility2-comment -->\\n\\","<h1>\\n\\","<!-- utility2-comment\\n\\","    <a\\n\\","        {{#if env.npm_package_homepage}}\\n\\","        href=\"{{env.npm_package_homepage}}\"\\n\\","        {{/if env.npm_package_homepage}}\\n\\","        target=\"_blank\"\\n\\","    >\\n\\","utility2-comment -->\\n\\","        {{env.npm_package_name}} (v{{env.npm_package_version}})\\n\\","<!-- utility2-comment\\n\\","    </a>\\n\\","utility2-comment -->\\n\\","</h1>\\n\\","<h3>{{env.npm_package_description}}</h3>\\n\\","<!-- utility2-comment\\n\\","<h4><a download href=\"assets.app.js\">download standalone app</a></h4>\\n\\","<button class=\"onclick onreset\" id=\"testRunButton1\">run internal test</button><br>\\n\\","<div id=\"testReportDiv1\" style=\"display: none;\"></div>\\n\\","utility2-comment -->\\n\\","\\n\\","\\n\\","\\n\\","<label>stderr and stdout</label>\\n\\","<textarea class=\"resettable\" id=\"outputTextareaStdout1\" readonly></textarea>\\n\\","<!-- utility2-comment\\n\\","{{#if isRollup}}\\n\\","<script src=\"assets.app.js\"></script>\\n\\","{{#unless isRollup}}\\n\\","utility2-comment -->\\n\\","<script src=\"assets.utility2.rollup.js\"></script>\\n\\","<script src=\"jsonp.utility2._stateInit?callback=window.utility2._stateInit\"></script>\\n\\","<script src=\"assets.npmtest_google_play_scraper.rollup.js\"></script>\\n\\","<script src=\"assets.example.js\"></script>\\n\\","<script src=\"assets.test.js\"></script>\\n\\","<!-- utility2-comment\\n\\","{{/if isRollup}}\\n\\","utility2-comment -->\\n\\","<div class=\"utility2FooterDiv\">\\n\\","    [ this app was created with\\n\\","    <a href=\"https://github.com/kaizhu256/node-utility2\" target=\"_blank\">utility2</a>\\n\\","    ]\\n\\","</div>\\n\\","</body>\\n\\","</html>\\n\\","';","        /* jslint-ignore-end */","        if (local.templateRender) {","            local.assetsDict['/'] = local.templateRender(","                local.assetsDict['/assets.index.template.html'],","                {","                    env: local.objectSetDefault(local.env, {","                        npm_package_description: 'the greatest app in the world!',","                        npm_package_name: 'my-app',","                        npm_package_nameAlias: 'my_app',","                        npm_package_version: '0.0.1'","                    })","                }","            );","        } else {","            local.assetsDict['/'] = local.assetsDict['/assets.index.template.html']","                .replace((/\\{\\{env\\.(\\w+?)\\}\\}/g), function (match0, match1) {","                    // jslint-hack","                    String(match0);","                    switch (match1) {","                    case 'npm_package_description':","                        return 'the greatest app in the world!';","                    case 'npm_package_name':","                        return 'my-app';","                    case 'npm_package_nameAlias':","                        return 'my_app';","                    case 'npm_package_version':","                        return '0.0.1';","                    }","                });","        }","        // run the cli","        if (local.global.utility2_rollup || module !== require.main) {","            break;","        }","        local.assetsDict['/assets.example.js'] =","            local.assetsDict['/assets.example.js'] ||","            local.fs.readFileSync(__filename, 'utf8');","        // bug-workaround - long $npm_package_buildCustomOrg","        /* jslint-ignore-begin */","        local.assetsDict['/assets.npmtest_google_play_scraper.rollup.js'] =","            local.assetsDict['/assets.npmtest_google_play_scraper.rollup.js'] ||","            local.fs.readFileSync(","                local.npmtest_google_play_scraper.__dirname + '/lib.npmtest_google_play_scraper.js',","                'utf8'","            ).replace((/^#!/), '//');","        /* jslint-ignore-end */","        local.assetsDict['/favicon.ico'] = local.assetsDict['/favicon.ico'] || '';","        // if $npm_config_timeout_exit exists,","        // then exit this process after $npm_config_timeout_exit ms","        if (Number(process.env.npm_config_timeout_exit)) {","            setTimeout(process.exit, Number(process.env.npm_config_timeout_exit));","        }","        // start server","        if (local.global.utility2_serverHttp1) {","            break;","        }","        process.env.PORT = process.env.PORT || '8081';","        console.error('server starting on port ' + process.env.PORT);","        local.http.createServer(function (request, response) {","            request.urlParsed = local.url.parse(request.url);","            if (local.assetsDict[request.urlParsed.pathname] !== undefined) {","                response.end(local.assetsDict[request.urlParsed.pathname]);","                return;","            }","            response.statusCode = 404;","            response.end();","        }).listen(process.env.PORT);","        break;","    }","}());",""],"l":{"26":2,"28":2,"33":2,"35":2,"37":2,"38":2,"39":2,"44":1,"51":2,"55":2,"59":2,"61":2,"69":1,"70":2,"76":2,"79":2,"82":2,"83":2,"85":1,"89":2,"92":1,"93":1,"94":1,"96":1,"97":1,"100":1,"101":1,"103":1,"106":1,"108":2,"114":1,"116":1,"118":1,"123":1,"124":2,"125":2,"126":3,"127":3,"128":3,"129":3,"130":1,"133":3,"134":3,"139":3,"143":1,"144":3,"145":1,"149":1,"150":1,"158":1,"160":1,"161":1,"162":1,"164":1,"166":1,"258":1,"259":1,"271":1,"274":6,"275":6,"277":1,"279":2,"281":1,"283":2,"288":1,"289":1,"291":1,"296":1,"303":1,"306":1,"307":1,"310":1,"311":1,"313":1,"314":1,"315":1,"316":1,"317":1,"318":1,"319":1,"321":1,"322":1,"324":1}},"/home/travis/build/npmtest/node-npmtest-google-play-scraper/node_modules/google-play-scraper/index.js":{"path":"/home/travis/build/npmtest/node-npmtest-google-play-scraper/node_modules/google-play-scraper/index.js","s":{"1":2,"2":2,"3":2,"4":2,"5":2,"6":2,"7":0,"8":0,"9":0,"10":0,"11":0,"12":0,"13":0},"b":{},"f":{},"fnMap":{},"statementMap":{"1":{"start":{"line":1,"column":0},"end":{"line":1,"column":37}},"2":{"start":{"line":3,"column":0},"end":{"line":3,"column":37}},"3":{"start":{"line":4,"column":0},"end":{"line":4,"column":41}},"4":{"start":{"line":5,"column":0},"end":{"line":5,"column":29}},"5":{"start":{"line":6,"column":0},"end":{"line":6,"column":27}},"6":{"start":{"line":8,"column":0},"end":{"line":8,"column":42}},"7":{"start":{"line":9,"column":0},"end":{"line":9,"column":44}},"8":{"start":{"line":10,"column":0},"end":{"line":10,"column":48}},"9":{"start":{"line":11,"column":0},"end":{"line":11,"column":50}},"10":{"start":{"line":12,"column":0},"end":{"line":12,"column":54}},"11":{"start":{"line":13,"column":0},"end":{"line":13,"column":50}},"12":{"start":{"line":14,"column":0},"end":{"line":14,"column":50}},"13":{"start":{"line":15,"column":0},"end":{"line":15,"column":58}}},"branchMap":{},"code":["const c = require('./lib/constants');","","module.exports.category = c.category;","module.exports.collection = c.collection;","module.exports.sort = c.sort;","module.exports.age = c.age;","","module.exports.app = require('./lib/app');","module.exports.list = require('./lib/list');","module.exports.search = require('./lib/search');","module.exports.suggest = require('./lib/suggest');","module.exports.developer = require('./lib/developer');","module.exports.reviews = require('./lib/reviews');","module.exports.similar = require('./lib/similar');","module.exports.permissions = require('./lib/permissions');",""],"l":{"1":2,"3":2,"4":2,"5":2,"6":2,"8":2,"9":0,"10":0,"11":0,"12":0,"13":0,"14":0,"15":0}},"/home/travis/build/npmtest/node-npmtest-google-play-scraper/node_modules/google-play-scraper/lib/constants.js":{"path":"/home/travis/build/npmtest/node-npmtest-google-play-scraper/node_modules/google-play-scraper/lib/constants.js","s":{"1":1,"2":1,"3":1,"4":1},"b":{},"f":{},"fnMap":{},"statementMap":{"1":{"start":{"line":3,"column":0},"end":{"line":63,"column":2}},"2":{"start":{"line":65,"column":0},"end":{"line":72,"column":2}},"3":{"start":{"line":74,"column":0},"end":{"line":78,"column":2}},"4":{"start":{"line":80,"column":0},"end":{"line":84,"column":2}}},"branchMap":{},"code":["'use strict';","","module.exports.category = {","  ANDROID_WEAR: 'ANDROID_WEAR',","  ART_AND_DESIGN: 'ART_AND_DESIGN',","  AUTO_AND_VEHICLES: 'AUTO_AND_VEHICLES',","  BEAUTY: 'BEAUTY',","  BOOKS_AND_REFERENCE: 'BOOKS_AND_REFERENCE',","  BUSINESS: 'BUSINESS',","  COMICS: 'COMICS',","  COMMUNICATION: 'COMMUNICATION',","  DATING: 'DATING',","  EDUCATION: 'EDUCATION',","  ENTERTAINMENT: 'ENTERTAINMENT',","  EVENTS: 'EVENTS',","  FINANCE: 'FINANCE',","  FOOD_AND_DRINK: 'FOOD_AND_DRINK',","  HEALTH_AND_FITNESS: 'HEALTH_AND_FITNESS',","  HOUSE_AND_HOME: 'HOUSE_AND_HOME',","  LIBRARIES_AND_DEMO: 'LIBRARIES_AND_DEMO',","  LIFESTYLE: 'LIFESTYLE',","  MAPS_AND_NAVIGATION: 'MAPS_AND_NAVIGATION',","  MEDICAL: 'MEDICAL',","  MUSIC_AND_AUDIO: 'MUSIC_AND_AUDIO',","  NEWS_AND_MAGAZINES: 'NEWS_AND_MAGAZINES',","  PARENTING: 'PARENTING',","  PERSONALIZATION: 'PERSONALIZATION',","  PHOTOGRAPHY: 'PHOTOGRAPHY',","  PRODUCTIVITY: 'PRODUCTIVITY',","  SHOPPING: 'SHOPPING',","  SOCIAL: 'SOCIAL',","  SPORTS: 'SPORTS',","  TOOLS: 'TOOLS',","  TRAVEL_AND_LOCAL: 'TRAVEL_AND_LOCAL',","  VIDEO_PLAYERS: 'VIDEO_PLAYERS',","  WEATHER: 'WEATHER',","  APP_WIDGETS: 'APP_WIDGETS',","  GAME: 'GAME',","  GAME_ACTION: 'GAME_ACTION',","  GAME_ADVENTURE: 'GAME_ADVENTURE',","  GAME_ARCADE: 'GAME_ARCADE',","  GAME_BOARD: 'GAME_BOARD',","  GAME_CARD: 'GAME_CARD',","  GAME_CASINO: 'GAME_CASINO',","  GAME_CASUAL: 'GAME_CASUAL',","  GAME_EDUCATIONAL: 'GAME_EDUCATIONAL',","  GAME_MUSIC: 'GAME_MUSIC',","  GAME_PUZZLE: 'GAME_PUZZLE',","  GAME_RACING: 'GAME_RACING',","  GAME_ROLE_PLAYING: 'GAME_ROLE_PLAYING',","  GAME_SIMULATION: 'GAME_SIMULATION',","  GAME_SPORTS: 'GAME_SPORTS',","  GAME_STRATEGY: 'GAME_STRATEGY',","  GAME_TRIVIA: 'GAME_TRIVIA',","  GAME_WORD: 'GAME_WORD',","  FAMILY: 'FAMILY',","  FAMILY_ACTION: 'FAMILY_ACTION',","  FAMILY_BRAINGAMES: 'FAMILY_BRAINGAMES',","  FAMILY_CREATE: 'FAMILY_CREATE',","  FAMILY_EDUCATION: 'FAMILY_EDUCATION',","  FAMILY_MUSICVIDEO: 'FAMILY_MUSICVIDEO',","  FAMILY_PRETEND: 'FAMILY_PRETEND'","};","","module.exports.collection = {","  TOP_FREE: 'topselling_free',","  TOP_PAID: 'topselling_paid',","  NEW_FREE: 'topselling_new_free',","  NEW_PAID: 'topselling_new_paid',","  GROSSING: 'topgrossing',","  TRENDING: 'movers_shakers'","};","","module.exports.sort = {","  NEWEST: 0,","  RATING: 1,","  HELPFULNESS: 2","};","","module.exports.age = {","  FIVE_UNDER: 'AGE_RANGE1',","  SIX_EIGHT: 'AGE_RANGE2',","  NINE_UP: 'AGE_RANGE3'","};",""],"l":{"3":1,"65":1,"74":1,"80":1}},"/home/travis/build/npmtest/node-npmtest-google-play-scraper/node_modules/google-play-scraper/lib/app.js":{"path":"/home/travis/build/npmtest/node-npmtest-google-play-scraper/node_modules/google-play-scraper/lib/app.js","s":{"1":6,"2":0,"3":0,"4":0,"5":0,"6":0,"7":0,"8":1,"9":0,"10":0,"11":0,"12":0,"13":0,"14":0,"15":0,"16":0,"17":0,"18":0,"19":0,"20":0,"21":1,"22":0,"23":0,"24":0,"25":0,"26":0,"27":0,"28":0,"29":0,"30":0,"31":0,"32":0,"33":0,"34":0,"35":0,"36":0,"37":0,"38":0,"39":0,"40":0,"41":0,"42":0,"43":0,"44":0,"45":0,"46":0,"47":0,"48":0,"49":0,"50":0,"51":0,"52":0,"53":0,"54":0,"55":0,"56":0,"57":0,"58":0,"59":0,"60":0,"61":0,"62":0,"63":0,"64":0,"65":0,"66":0,"67":0,"68":0,"69":0,"70":0,"71":0,"72":0,"73":0,"74":0,"75":0,"76":1,"77":0,"78":0,"79":1,"80":0,"81":0,"82":0,"83":1,"84":0,"85":0,"86":0,"87":0,"88":0,"89":0,"90":0,"91":0,"92":0,"93":0,"94":0,"95":0,"96":0,"97":0,"98":0,"99":0,"100":0,"101":0,"102":0,"103":0,"104":0,"105":1,"106":0,"107":0,"108":0,"109":0,"110":0},"b":{"1":[0,0],"2":[0,0],"3":[0,0],"4":[0,0],"5":[0,0],"6":[0,0],"7":[0,0],"8":[0,0],"9":[0,0],"10":[0,0],"11":[0,0],"12":[0,0],"13":[0,0],"14":[0,0],"15":[0,0],"16":[0,0],"17":[0,0],"18":[0,0],"19":[0,0],"20":[0,0],"21":[0,0],"22":[0,0]},"f":{"1":0,"2":0,"3":0,"4":0,"5":0,"6":0,"7":0,"8":0},"fnMap":{"1":{"name":"app","line":12,"loc":{"start":{"line":12,"column":0},"end":{"line":12,"column":20}}},"2":{"name":"(anonymous_2)","line":13,"loc":{"start":{"line":13,"column":21},"end":{"line":13,"column":48}}},"3":{"name":"(anonymous_3)","line":36,"loc":{"start":{"line":36,"column":12},"end":{"line":36,"column":27}}},"4":{"name":"parseFields","line":45,"loc":{"start":{"line":45,"column":0},"end":{"line":45,"column":25}}},"5":{"name":"descriptionText","line":158,"loc":{"start":{"line":158,"column":0},"end":{"line":158,"column":39}}},"6":{"name":"cleanInt","line":164,"loc":{"start":{"line":164,"column":0},"end":{"line":164,"column":27}}},"7":{"name":"installNumbers","line":171,"loc":{"start":{"line":171,"column":0},"end":{"line":171,"column":36}}},"8":{"name":"normalizeAndroidVersion","line":198,"loc":{"start":{"line":198,"column":0},"end":{"line":198,"column":54}}}},"statementMap":{"1":{"start":{"line":3,"column":0},"end":{"line":3,"column":43}},"2":{"start":{"line":4,"column":0},"end":{"line":4,"column":43}},"3":{"start":{"line":5,"column":0},"end":{"line":5,"column":35}},"4":{"start":{"line":6,"column":0},"end":{"line":6,"column":43}},"5":{"start":{"line":7,"column":0},"end":{"line":7,"column":27}},"6":{"start":{"line":8,"column":0},"end":{"line":8,"column":27}},"7":{"start":{"line":10,"column":0},"end":{"line":10,"column":67}},"8":{"start":{"line":12,"column":0},"end":{"line":43,"column":1}},"9":{"start":{"line":13,"column":2},"end":{"line":42,"column":5}},"10":{"start":{"line":14,"column":4},"end":{"line":16,"column":5}},"11":{"start":{"line":15,"column":6},"end":{"line":15,"column":35}},"12":{"start":{"line":18,"column":4},"end":{"line":18,"column":34}},"13":{"start":{"line":19,"column":4},"end":{"line":19,"column":40}},"14":{"start":{"line":21,"column":4},"end":{"line":25,"column":7}},"15":{"start":{"line":26,"column":4},"end":{"line":26,"column":44}},"16":{"start":{"line":28,"column":4},"end":{"line":31,"column":6}},"17":{"start":{"line":33,"column":4},"end":{"line":41,"column":21}},"18":{"start":{"line":37,"column":8},"end":{"line":37,"column":25}},"19":{"start":{"line":38,"column":8},"end":{"line":38,"column":31}},"20":{"start":{"line":39,"column":8},"end":{"line":39,"column":21}},"21":{"start":{"line":45,"column":0},"end":{"line":156,"column":1}},"22":{"start":{"line":46,"column":2},"end":{"line":46,"column":41}},"23":{"start":{"line":47,"column":2},"end":{"line":47,"column":66}},"24":{"start":{"line":48,"column":2},"end":{"line":48,"column":69}},"25":{"start":{"line":49,"column":2},"end":{"line":49,"column":64}},"26":{"start":{"line":51,"column":2},"end":{"line":51,"column":58}},"27":{"start":{"line":52,"column":2},"end":{"line":52,"column":44}},"28":{"start":{"line":53,"column":2},"end":{"line":53,"column":55}},"29":{"start":{"line":55,"column":2},"end":{"line":55,"column":68}},"30":{"start":{"line":56,"column":2},"end":{"line":56,"column":22}},"31":{"start":{"line":57,"column":2},"end":{"line":57,"column":20}},"32":{"start":{"line":58,"column":2},"end":{"line":61,"column":3}},"33":{"start":{"line":59,"column":4},"end":{"line":59,"column":61}},"34":{"start":{"line":60,"column":4},"end":{"line":60,"column":59}},"35":{"start":{"line":63,"column":2},"end":{"line":63,"column":73}},"36":{"start":{"line":64,"column":2},"end":{"line":64,"column":63}},"37":{"start":{"line":65,"column":2},"end":{"line":65,"column":60}},"38":{"start":{"line":66,"column":2},"end":{"line":66,"column":76}},"39":{"start":{"line":68,"column":2},"end":{"line":68,"column":56}},"40":{"start":{"line":69,"column":2},"end":{"line":69,"column":75}},"41":{"start":{"line":70,"column":2},"end":{"line":70,"column":95}},"42":{"start":{"line":71,"column":2},"end":{"line":71,"column":93}},"43":{"start":{"line":72,"column":2},"end":{"line":72,"column":107}},"44":{"start":{"line":73,"column":2},"end":{"line":73,"column":69}},"45":{"start":{"line":74,"column":2},"end":{"line":74,"column":99}},"46":{"start":{"line":75,"column":2},"end":{"line":75,"column":85}},"47":{"start":{"line":77,"column":2},"end":{"line":77,"column":31}},"48":{"start":{"line":78,"column":2},"end":{"line":78,"column":63}},"49":{"start":{"line":79,"column":2},"end":{"line":83,"column":3}},"50":{"start":{"line":80,"column":4},"end":{"line":80,"column":111}},"51":{"start":{"line":81,"column":4},"end":{"line":81,"column":40}},"52":{"start":{"line":82,"column":4},"end":{"line":82,"column":40}},"53":{"start":{"line":85,"column":2},"end":{"line":85,"column":86}},"54":{"start":{"line":86,"column":2},"end":{"line":88,"column":3}},"55":{"start":{"line":87,"column":4},"end":{"line":87,"column":50}},"56":{"start":{"line":90,"column":2},"end":{"line":90,"column":85}},"57":{"start":{"line":91,"column":2},"end":{"line":94,"column":3}},"58":{"start":{"line":93,"column":4},"end":{"line":93,"column":65}},"59":{"start":{"line":96,"column":2},"end":{"line":96,"column":86}},"60":{"start":{"line":96,"column":63},"end":{"line":96,"column":84}},"61":{"start":{"line":97,"column":2},"end":{"line":97,"column":37}},"62":{"start":{"line":98,"column":2},"end":{"line":98,"column":70}},"63":{"start":{"line":100,"column":2},"end":{"line":100,"column":49}},"64":{"start":{"line":101,"column":2},"end":{"line":107,"column":4}},"65":{"start":{"line":109,"column":2},"end":{"line":109,"column":86}},"66":{"start":{"line":111,"column":2},"end":{"line":111,"column":102}},"67":{"start":{"line":112,"column":2},"end":{"line":114,"column":3}},"68":{"start":{"line":113,"column":4},"end":{"line":113,"column":32}},"69":{"start":{"line":116,"column":2},"end":{"line":116,"column":96}},"70":{"start":{"line":116,"column":75},"end":{"line":116,"column":94}},"71":{"start":{"line":117,"column":2},"end":{"line":117,"column":84}},"72":{"start":{"line":117,"column":68},"end":{"line":117,"column":82}},"73":{"start":{"line":119,"column":2},"end":{"line":152,"column":4}},"74":{"start":{"line":155,"column":2},"end":{"line":155,"column":68}},"75":{"start":{"line":155,"column":26},"end":{"line":155,"column":58}},"76":{"start":{"line":158,"column":0},"end":{"line":162,"column":1}},"77":{"start":{"line":160,"column":2},"end":{"line":160,"column":83}},"78":{"start":{"line":161,"column":2},"end":{"line":161,"column":42}},"79":{"start":{"line":164,"column":0},"end":{"line":169,"column":1}},"80":{"start":{"line":165,"column":2},"end":{"line":165,"column":25}},"81":{"start":{"line":167,"column":2},"end":{"line":167,"column":37}},"82":{"start":{"line":168,"column":2},"end":{"line":168,"column":26}},"83":{"start":{"line":171,"column":0},"end":{"line":196,"column":1}},"84":{"start":{"line":172,"column":2},"end":{"line":174,"column":3}},"85":{"start":{"line":173,"column":4},"end":{"line":173,"column":18}},"86":{"start":{"line":177,"column":2},"end":{"line":177,"column":40}},"87":{"start":{"line":178,"column":2},"end":{"line":178,"column":45}},"88":{"start":{"line":178,"column":29},"end":{"line":178,"column":45}},"89":{"start":{"line":180,"column":2},"end":{"line":180,"column":37}},"90":{"start":{"line":181,"column":2},"end":{"line":181,"column":45}},"91":{"start":{"line":181,"column":29},"end":{"line":181,"column":45}},"92":{"start":{"line":183,"column":2},"end":{"line":183,"column":34}},"93":{"start":{"line":184,"column":2},"end":{"line":184,"column":45}},"94":{"start":{"line":184,"column":29},"end":{"line":184,"column":45}},"95":{"start":{"line":186,"column":2},"end":{"line":186,"column":34}},"96":{"start":{"line":187,"column":2},"end":{"line":187,"column":45}},"97":{"start":{"line":187,"column":29},"end":{"line":187,"column":45}},"98":{"start":{"line":189,"column":2},"end":{"line":189,"column":34}},"99":{"start":{"line":190,"column":2},"end":{"line":190,"column":45}},"100":{"start":{"line":190,"column":29},"end":{"line":190,"column":45}},"101":{"start":{"line":192,"column":2},"end":{"line":192,"column":36}},"102":{"start":{"line":193,"column":2},"end":{"line":193,"column":45}},"103":{"start":{"line":193,"column":29},"end":{"line":193,"column":45}},"104":{"start":{"line":195,"column":2},"end":{"line":195,"column":82}},"105":{"start":{"line":198,"column":0},"end":{"line":206,"column":1}},"106":{"start":{"line":199,"column":2},"end":{"line":199,"column":66}},"107":{"start":{"line":201,"column":2},"end":{"line":203,"column":3}},"108":{"start":{"line":202,"column":4},"end":{"line":202,"column":18}},"109":{"start":{"line":205,"column":2},"end":{"line":205,"column":20}},"110":{"start":{"line":208,"column":0},"end":{"line":208,"column":30}}},"branchMap":{"1":{"line":14,"type":"if","locations":[{"start":{"line":14,"column":4},"end":{"line":14,"column":4}},{"start":{"line":14,"column":4},"end":{"line":14,"column":4}}]},"2":{"line":14,"type":"binary-expr","locations":[{"start":{"line":14,"column":8},"end":{"line":14,"column":13}},{"start":{"line":14,"column":17},"end":{"line":14,"column":28}}]},"3":{"line":18,"type":"binary-expr","locations":[{"start":{"line":18,"column":16},"end":{"line":18,"column":25}},{"start":{"line":18,"column":29},"end":{"line":18,"column":33}}]},"4":{"line":19,"type":"binary-expr","locations":[{"start":{"line":19,"column":19},"end":{"line":19,"column":31}},{"start":{"line":19,"column":35},"end":{"line":19,"column":39}}]},"5":{"line":58,"type":"if","locations":[{"start":{"line":58,"column":2},"end":{"line":58,"column":2}},{"start":{"line":58,"column":2},"end":{"line":58,"column":2}}]},"6":{"line":59,"type":"binary-expr","locations":[{"start":{"line":59,"column":22},"end":{"line":59,"column":47}},{"start":{"line":59,"column":51},"end":{"line":59,"column":60}}]},"7":{"line":79,"type":"if","locations":[{"start":{"line":79,"column":2},"end":{"line":79,"column":2}},{"start":{"line":79,"column":2},"end":{"line":79,"column":2}}]},"8":{"line":86,"type":"if","locations":[{"start":{"line":86,"column":2},"end":{"line":86,"column":2}},{"start":{"line":86,"column":2},"end":{"line":86,"column":2}}]},"9":{"line":91,"type":"if","locations":[{"start":{"line":91,"column":2},"end":{"line":91,"column":2}},{"start":{"line":91,"column":2},"end":{"line":91,"column":2}}]},"10":{"line":109,"type":"binary-expr","locations":[{"start":{"line":109,"column":16},"end":{"line":109,"column":80}},{"start":{"line":109,"column":84},"end":{"line":109,"column":85}}]},"11":{"line":112,"type":"if","locations":[{"start":{"line":112,"column":2},"end":{"line":112,"column":2}},{"start":{"line":112,"column":2},"end":{"line":112,"column":2}}]},"12":{"line":155,"type":"cond-expr","locations":[{"start":{"line":155,"column":41},"end":{"line":155,"column":50}},{"start":{"line":155,"column":53},"end":{"line":155,"column":58}}]},"13":{"line":165,"type":"binary-expr","locations":[{"start":{"line":165,"column":11},"end":{"line":165,"column":17}},{"start":{"line":165,"column":21},"end":{"line":165,"column":24}}]},"14":{"line":172,"type":"if","locations":[{"start":{"line":172,"column":2},"end":{"line":172,"column":2}},{"start":{"line":172,"column":2},"end":{"line":172,"column":2}}]},"15":{"line":178,"type":"if","locations":[{"start":{"line":178,"column":2},"end":{"line":178,"column":2}},{"start":{"line":178,"column":2},"end":{"line":178,"column":2}}]},"16":{"line":181,"type":"if","locations":[{"start":{"line":181,"column":2},"end":{"line":181,"column":2}},{"start":{"line":181,"column":2},"end":{"line":181,"column":2}}]},"17":{"line":184,"type":"if","locations":[{"start":{"line":184,"column":2},"end":{"line":184,"column":2}},{"start":{"line":184,"column":2},"end":{"line":184,"column":2}}]},"18":{"line":187,"type":"if","locations":[{"start":{"line":187,"column":2},"end":{"line":187,"column":2}},{"start":{"line":187,"column":2},"end":{"line":187,"column":2}}]},"19":{"line":190,"type":"if","locations":[{"start":{"line":190,"column":2},"end":{"line":190,"column":2}},{"start":{"line":190,"column":2},"end":{"line":190,"column":2}}]},"20":{"line":193,"type":"if","locations":[{"start":{"line":193,"column":2},"end":{"line":193,"column":2}},{"start":{"line":193,"column":2},"end":{"line":193,"column":2}}]},"21":{"line":201,"type":"if","locations":[{"start":{"line":201,"column":2},"end":{"line":201,"column":2}},{"start":{"line":201,"column":2},"end":{"line":201,"column":2}}]},"22":{"line":201,"type":"binary-expr","locations":[{"start":{"line":201,"column":6},"end":{"line":201,"column":14}},{"start":{"line":201,"column":18},"end":{"line":201,"column":51}}]}},"code":["'use strict';","","const request = require('./utils/request');","const memoize = require('./utils/memoize');","const cheerio = require('cheerio');","const queryString = require('querystring');","const url = require('url');","const R = require('ramda');","","const PLAYSTORE_URL = 'https://play.google.com/store/apps/details';","","function app (opts) {","  return new Promise(function (resolve, reject) {","    if (!opts || !opts.appId) {","      throw Error('appId missing');","    }","","    opts.lang = opts.lang || 'en';","    opts.country = opts.country || 'us';","","    const qs = queryString.stringify({","      id: opts.appId,","      hl: opts.lang,","      gl: opts.country","    });","    const reqUrl = `${PLAYSTORE_URL}?${qs}`;","","    const options = {","      url: reqUrl,","      proxy: opts.proxy","    };","","    request(options, opts.throttle)","      .then(cheerio.load)","      .then(parseFields)","      .then(function (app) {","        app.url = reqUrl;","        app.appId = opts.appId;","        resolve(app);","      })","      .catch(reject);","  });","}","","function parseFields ($) {","  const detailsInfo = $('.details-info');","  const title = detailsInfo.find('.document-title').text().trim();","  const developer = detailsInfo.find('span[itemprop=\"name\"]').text();","  const summary = $('meta[name=\"description\"]').attr('content');","","  const mainGenre = detailsInfo.find('.category').first();","  const genreText = mainGenre.text().trim();","  const genreId = mainGenre.attr('href').split('/')[4];","","  const familyGenre = detailsInfo.find('.category[href*=\"FAMILY\"]');","  let familyGenreText;","  let familyGenreId;","  if (familyGenre.length) {","    familyGenreText = familyGenre.text().trim() || undefined;","    familyGenreId = familyGenre.attr('href').split('/')[4];","  }","","  const price = detailsInfo.find('meta[itemprop=price]').attr('content');","  const icon = detailsInfo.find('img.cover-image').attr('src');","  const offersIAP = !!detailsInfo.find('.inapp-msg').length;","  const adSupported = !!detailsInfo.find('.ads-supported-label-msg').length;","","  const additionalInfo = $('.details-section-contents');","  const description = additionalInfo.find('div[itemprop=description] div');","  const version = additionalInfo.find('div.content[itemprop=\"softwareVersion\"]').text().trim();","  const updated = additionalInfo.find('div.content[itemprop=\"datePublished\"]').text().trim();","  const androidVersionText = additionalInfo.find('div.content[itemprop=\"operatingSystems\"]').text().trim();","  const androidVersion = normalizeAndroidVersion(androidVersionText);","  const contentRating = additionalInfo.find('div.content[itemprop=\"contentRating\"]').text().trim();","  const size = additionalInfo.find('div.content[itemprop=\"fileSize\"]').text().trim();","","  let maxInstalls, minInstalls;","  const preregister = !!$('.preregistration-container').length;","  if (!preregister) {","    const installs = installNumbers(additionalInfo.find('div.content[itemprop=\"numDownloads\"]').text().trim());","    minInstalls = cleanInt(installs[0]);","    maxInstalls = cleanInt(installs[1]);","  }","","  let developerEmail = additionalInfo.find('.dev-link[href^=\"mailto:\"]').attr('href');","  if (developerEmail) {","    developerEmail = developerEmail.split(':')[1];","  }","","  let developerWebsite = additionalInfo.find('.dev-link[href^=\"http\"]').attr('href');","  if (developerWebsite) {","    // extract clean url wrapped in google url","    developerWebsite = url.parse(developerWebsite, true).query.q;","  }","","  const comments = $('.quoted-review').toArray().map((elem) => $(elem).text().trim());","  const ratingBox = $('.rating-box');","  const reviews = cleanInt(ratingBox.find('span.reviews-num').text());","","  const ratingHistogram = $('.rating-histogram');","  const histogram = {","    5: cleanInt(ratingHistogram.find('.five .bar-number').text()),","    4: cleanInt(ratingHistogram.find('.four .bar-number').text()),","    3: cleanInt(ratingHistogram.find('.three .bar-number').text()),","    2: cleanInt(ratingHistogram.find('.two .bar-number').text()),","    1: cleanInt(ratingHistogram.find('.one .bar-number').text())","  };","  // for other languages","  const score = parseFloat(ratingBox.find('div.score').text().replace(',', '.')) || 0;","","  let video = $('.screenshots span.preview-overlay-container[data-video-url]').attr('data-video-url');","  if (video) {","    video = video.split('?')[0];","  }","","  const screenshots = $('.thumbnails .screenshot').toArray().map((elem) => $(elem).attr('src'));","  const recentChanges = $('.recent-change').toArray().map((elem) => $(elem).text());","","  const fields = {","    title,","    summary,","    icon,","    price,","    free: price === '0',","    minInstalls,","    maxInstalls,","    score,","    reviews,","    developer,","    developerEmail,","    developerWebsite,","    updated,","    version,","    genre: genreText,","    genreId,","    familyGenre: familyGenreText,","    familyGenreId,","    size,","    description: descriptionText(description),","    descriptionHTML: description.html(),","    histogram,","    offersIAP,","    adSupported,","    androidVersionText,","    androidVersion,","    contentRating,","    screenshots,","    video,","    comments,","    recentChanges,","    preregister","  };","","  // replace blank values with undefined","  return R.map((field) => field === '' ? undefined : field, fields);","}","","function descriptionText (description) {","  // preserve the line breaks when converting to text","  const html = '<div>' + description.html().replace(/<\\/p>/g, '\\n</p>') + '</div>';","  return cheerio.load(html)('div').text();","}","","function cleanInt (number) {","  number = number || '0';","  // removes thousands separator","  number = number.replace(/\\D/g, '');","  return parseInt(number);","}","","function installNumbers (downloads) {","  if (!downloads) {","    return [0, 0];","  }","","  // TODO iterate instead of copy paste","  let installs = downloads.split(' - ');","  if (installs.length === 2) return installs;","","  installs = downloads.split(' et ');","  if (installs.length === 2) return installs;","","  installs = downloads.split('–');","  if (installs.length === 2) return installs;","","  installs = downloads.split('-');","  if (installs.length === 2) return installs;","","  installs = downloads.split('～');","  if (installs.length === 2) return installs;","","  installs = downloads.split(' a ');","  if (installs.length === 2) return installs;","","  throw new Error(`Unable to parse min/max downloads: ${downloads}, ${installs}`);","}","","function normalizeAndroidVersion (androidVersionText) {","  let matches = androidVersionText.match(/^([0-9\\.]+)[^0-9\\.].+/);","","  if (!matches || typeof matches[1] === 'undefined') {","    return 'VARY';","  }","","  return matches[1];","}","","module.exports = memoize(app);",""],"l":{"3":6,"4":0,"5":0,"6":0,"7":0,"8":0,"10":0,"12":1,"13":0,"14":0,"15":0,"18":0,"19":0,"21":0,"26":0,"28":0,"33":0,"37":0,"38":0,"39":0,"45":1,"46":0,"47":0,"48":0,"49":0,"51":0,"52":0,"53":0,"55":0,"56":0,"57":0,"58":0,"59":0,"60":0,"63":0,"64":0,"65":0,"66":0,"68":0,"69":0,"70":0,"71":0,"72":0,"73":0,"74":0,"75":0,"77":0,"78":0,"79":0,"80":0,"81":0,"82":0,"85":0,"86":0,"87":0,"90":0,"91":0,"93":0,"96":0,"97":0,"98":0,"100":0,"101":0,"109":0,"111":0,"112":0,"113":0,"116":0,"117":0,"119":0,"155":0,"158":1,"160":0,"161":0,"164":1,"165":0,"167":0,"168":0,"171":1,"172":0,"173":0,"177":0,"178":0,"180":0,"181":0,"183":0,"184":0,"186":0,"187":0,"189":0,"190":0,"192":0,"193":0,"195":0,"198":1,"199":0,"201":0,"202":0,"205":0,"208":0}},"/home/travis/build/npmtest/node-npmtest-google-play-scraper/node_modules/google-play-scraper/lib/utils/request.js":{"path":"/home/travis/build/npmtest/node-npmtest-google-play-scraper/node_modules/google-play-scraper/lib/utils/request.js","s":{"1":22,"2":0,"3":0,"4":1,"5":0,"6":0,"7":0,"8":0,"9":0,"10":0,"11":0,"12":0,"13":0,"14":0,"15":0,"16":1,"17":0,"18":0,"19":0,"20":0,"21":0,"22":0,"23":0,"24":0,"25":0,"26":0,"27":0},"b":{"1":[0,0],"2":[0,0],"3":[0,0],"4":[0,0],"5":[0,0],"6":[0,0]},"f":{"1":0,"2":0,"3":0,"4":0,"5":0},"fnMap":{"1":{"name":"doRequest","line":7,"loc":{"start":{"line":7,"column":0},"end":{"line":7,"column":33}}},"2":{"name":"(anonymous_2)","line":17,"loc":{"start":{"line":17,"column":52},"end":{"line":17,"column":85}}},"3":{"name":"request","line":28,"loc":{"start":{"line":28,"column":0},"end":{"line":28,"column":31}}},"4":{"name":"(anonymous_4)","line":31,"loc":{"start":{"line":31,"column":10},"end":{"line":31,"column":30}}},"5":{"name":"(anonymous_5)","line":35,"loc":{"start":{"line":35,"column":11},"end":{"line":35,"column":29}}}},"statementMap":{"1":{"start":{"line":3,"column":0},"end":{"line":3,"column":38}},"2":{"start":{"line":4,"column":0},"end":{"line":4,"column":59}},"3":{"start":{"line":5,"column":0},"end":{"line":5,"column":54}},"4":{"start":{"line":7,"column":0},"end":{"line":26,"column":1}},"5":{"start":{"line":8,"column":2},"end":{"line":8,"column":23}},"6":{"start":{"line":9,"column":2},"end":{"line":15,"column":3}},"7":{"start":{"line":10,"column":4},"end":{"line":13,"column":7}},"8":{"start":{"line":14,"column":4},"end":{"line":14,"column":20}},"9":{"start":{"line":17,"column":2},"end":{"line":25,"column":6}},"10":{"start":{"line":17,"column":42},"end":{"line":25,"column":4}},"11":{"start":{"line":18,"column":4},"end":{"line":20,"column":5}},"12":{"start":{"line":19,"column":6},"end":{"line":19,"column":27}},"13":{"start":{"line":21,"column":4},"end":{"line":23,"column":5}},"14":{"start":{"line":22,"column":6},"end":{"line":22,"column":32}},"15":{"start":{"line":24,"column":4},"end":{"line":24,"column":18}},"16":{"start":{"line":28,"column":0},"end":{"line":45,"column":1}},"17":{"start":{"line":29,"column":2},"end":{"line":29,"column":36}},"18":{"start":{"line":30,"column":2},"end":{"line":44,"column":7}},"19":{"start":{"line":32,"column":6},"end":{"line":32,"column":32}},"20":{"start":{"line":33,"column":6},"end":{"line":33,"column":22}},"21":{"start":{"line":36,"column":6},"end":{"line":36,"column":93}},"22":{"start":{"line":38,"column":6},"end":{"line":42,"column":7}},"23":{"start":{"line":39,"column":8},"end":{"line":39,"column":49}},"24":{"start":{"line":40,"column":8},"end":{"line":40,"column":25}},"25":{"start":{"line":41,"column":8},"end":{"line":41,"column":18}},"26":{"start":{"line":43,"column":6},"end":{"line":43,"column":68}},"27":{"start":{"line":47,"column":0},"end":{"line":47,"column":25}}},"branchMap":{"1":{"line":9,"type":"if","locations":[{"start":{"line":9,"column":2},"end":{"line":9,"column":2}},{"start":{"line":9,"column":2},"end":{"line":9,"column":2}}]},"2":{"line":18,"type":"if","locations":[{"start":{"line":18,"column":4},"end":{"line":18,"column":4}},{"start":{"line":18,"column":4},"end":{"line":18,"column":4}}]},"3":{"line":21,"type":"if","locations":[{"start":{"line":21,"column":4},"end":{"line":21,"column":4}},{"start":{"line":21,"column":4},"end":{"line":21,"column":4}}]},"4":{"line":36,"type":
[...]
:{"line":49,"column":38},"end":{"line":49,"column":48}}]},"7":{"line":57,"type":"cond-expr","locations":[{"start":{"line":57,"column":37},"end":{"line":57,"column":38}},{"start":{"line":57,"column":41},"end":{"line":57,"column":43}}]},"8":{"line":81,"type":"if","locations":[{"start":{"line":81,"column":4},"end":{"line":81,"column":4}},{"start":{"line":81,"column":4},"end":{"line":81,"column":4}}]},"9":{"line":98,"type":"switch","locations":[{"start":{"line":99,"column":4},"end":{"line":100,"column":15}},{"start":{"line":101,"column":4},"end":{"line":102,"column":15}},{"start":{"line":103,"column":4},"end":{"line":103,"column":15}},{"start":{"line":104,"column":4},"end":{"line":105,"column":15}}]},"10":{"line":111,"type":"if","locations":[{"start":{"line":111,"column":4},"end":{"line":111,"column":4}},{"start":{"line":111,"column":4},"end":{"line":111,"column":4}}]},"11":{"line":111,"type":"binary-expr","locations":[{"start":{"line":111,"column":8},"end":{"line":111,"column":13}},{"start":{"line":111,"column":17},"end":{"line":111,"column":27}}]},"12":{"line":115,"type":"if","locations":[{"start":{"line":115,"column":4},"end":{"line":115,"column":4}},{"start":{"line":115,"column":4},"end":{"line":115,"column":4}}]},"13":{"line":115,"type":"binary-expr","locations":[{"start":{"line":115,"column":8},"end":{"line":115,"column":16}},{"start":{"line":115,"column":20},"end":{"line":115,"column":34}}]},"14":{"line":121,"type":"binary-expr","locations":[{"start":{"line":121,"column":12},"end":{"line":121,"column":21}},{"start":{"line":121,"column":25},"end":{"line":121,"column":29}}]},"15":{"line":122,"type":"binary-expr","locations":[{"start":{"line":122,"column":15},"end":{"line":122,"column":27}},{"start":{"line":122,"column":31},"end":{"line":122,"column":35}}]},"16":{"line":123,"type":"binary-expr","locations":[{"start":{"line":123,"column":11},"end":{"line":123,"column":19}},{"start":{"line":123,"column":23},"end":{"line":123,"column":25}}]},"17":{"line":125,"type":"cond-expr","locations":[{"start":{"line":125,"column":26},"end":{"line":125,"column":57}},{"start":{"line":125,"column":60},"end":{"line":125,"column":61}}]}},"code":["'use strict';","","const request = require('./utils/request');","const memoize = require('./utils/memoize');","const cheerio = require('cheerio');","const getParseList = require('./utils/parseList');","","function getClp (html) {","  // Try to find clp from \"next page\" html elem.","  let match = html.match(/\\?clp=(.*?)\">/);","  // ... if we don't have it, we're probably on innerPage;","  // try to parse it from search_collection_more_results_cluster instead","  // var curl='https://play.google.com/store/apps/collection/search_collection_more_results_cluster?clp\\x3dggENCgVwYW5kYRABGgIIAA%3D%3D:S:ANO1ljKV8KM';","  if (!match) match = html.match(/\\?clp\\\\x3d(.*?)';/);","  return match && match[1].replace(/%3D/g, '=');","}","","function getNextToken (html) {","  // extract the token for the next page request","  // for the record, I hate regexps","  // const s = html.match(/\\\\42(GAE.+?)\\\\42/);","  const s = html.match(/\\\\x22-p6(.*?):S:(.*?)\\\\x22/g);","  if (!s) {","    return undefined;","  }","  return s[0].replace(/\\\\\\\\u003d/g, '=').replace(/\\\\x22/g, '');","}","","/*"," * Extract navigation tokens for next pages, parse results and call"," * `checkFinished` to repeat the process with next page if necessary."," */","function processAndRecur (html, opts, savedApps, clp) {","  const nextToken = getNextToken(html);","  clp = clp || getClp(html);","","  const $ = cheerio.load(html);","  return getParseList(opts)($)","    .then((newApps) => savedApps.concat(newApps))","    .then((apps) => checkFinished(opts, apps, nextToken, clp));","}","","/*"," * If already have requested results or there are no more pages, return current"," * app list, otherwise request the ajax endpoint of the next page and process"," * the results."," */","function checkFinished (opts, savedApps, nextToken, clp) {","  if (savedApps.length >= opts.num || !nextToken) {","    return savedApps.slice(0, opts.num);","  }","","  const requestOptions = {","    url: 'https://play.google.com/store/apps/collection/search_results_cluster_apps',","    method: 'POST',","    form: {","      num: savedApps.length === 49 ? 0 : 48, // confirm if always 48 works","      start: savedApps.length - 49,","      pagTok: nextToken,","      clp,","      pagtt: 3,","      hl: opts.lang,","      gl: opts.country","    },","    proxy: opts.proxy","  };","","  return request(requestOptions, opts.throttle)","    .then((html) => processAndRecur(html, opts, savedApps, clp));","}","","/*"," * Make the first search request as in the browser and call `checkfinished` to"," * process the next pages."," */","function initialRequest (opts) {","  // sometimes the first result page is a cluster of subsections,","  // need to skip to the full results page","  function skipClusterPage (html) {","    const match = html.match(/href=\"\\/store\\/apps\\/collection\\/search_collection_more_results_cluster?(.*?)\"/);","    if (match) {","      const innerUrl = 'https://play.google.com/' + match[0].split(/\"/)[1];","      return request({","        url: innerUrl,","        proxy: opts.proxy","      }, opts.throttle);","    }","    return html;","  }","","  const url = `https://play.google.com/store/search?c=apps&q=${opts.term}&hl=${opts.lang}&gl=${opts.country}&price=${opts.price}`;","  return request({url, proxy: opts.proxy}, opts.throttle)","    .then(skipClusterPage)","    .then((html) => processAndRecur(html, opts, []));","}","","function getPriceGoogleValue (value) {","  switch (value.toLowerCase()) {","    case 'free':","      return 1;","    case 'paid':","      return 2;","    case 'all':","    default:","      return 0;","  }","}","","function search (opts) {","  return new Promise(function (resolve, reject) {","    if (!opts || !opts.term) {","      throw Error('Search term missing');","    }","","    if (opts.num && opts.num > 250) {","      throw Error(\"The number of results can't exceed 250\");","    }","","    opts = {","      term: encodeURIComponent(opts.term),","      lang: opts.lang || 'en',","      country: opts.country || 'us',","      num: opts.num || 20,","      fullDetail: opts.fullDetail,","      price: opts.price ? getPriceGoogleValue(opts.price) : 0,","      throttle: opts.throttle,","      proxy: opts.proxy","    };","","    initialRequest(opts)","      .then(resolve)","      .catch(reject);","  });","}","","module.exports = memoize(search);",""],"l":{"3":2,"4":0,"5":0,"6":0,"8":1,"10":0,"14":0,"15":0,"18":1,"22":0,"23":0,"24":0,"26":0,"33":1,"34":0,"35":0,"37":0,"38":0,"39":0,"40":0,"48":1,"49":0,"50":0,"53":0,"68":0,"69":0,"76":1,"79":1,"80":0,"81":0,"82":0,"83":0,"88":0,"91":0,"92":0,"94":0,"97":1,"98":0,"100":0,"102":0,"105":0,"109":1,"110":0,"111":0,"112":0,"115":0,"116":0,"119":0,"130":0,"136":0}},"/home/travis/build/npmtest/node-npmtest-google-play-scraper/node_modules/google-play-scraper/lib/similar.js":{"path":"/home/travis/build/npmtest/node-npmtest-google-play-scraper/node_modules/google-play-scraper/lib/similar.js","s":{"1":2,"2":0,"3":0,"4":0,"5":1,"6":0,"7":0,"8":0,"9":0,"10":0,"11":0,"12":0,"13":0},"b":{"1":[0,0],"2":[0,0],"3":[0,0]},"f":{"1":0,"2":0},"fnMap":{"1":{"name":"similar","line":9,"loc":{"start":{"line":9,"column":0},"end":{"line":9,"column":24}}},"2":{"name":"(anonymous_2)","line":10,"loc":{"start":{"line":10,"column":21},"end":{"line":10,"column":48}}}},"statementMap":{"1":{"start":{"line":3,"column":0},"end":{"line":3,"column":43}},"2":{"start":{"line":4,"column":0},"end":{"line":4,"column":43}},"3":{"start":{"line":5,"column":0},"end":{"line":5,"column":35}},"4":{"start":{"line":7,"column":0},"end":{"line":7,"column":50}},"5":{"start":{"line":9,"column":0},"end":{"line":29,"column":1}},"6":{"start":{"line":10,"column":2},"end":{"line":28,"column":5}},"7":{"start":{"line":11,"column":4},"end":{"line":13,"column":5}},"8":{"start":{"line":12,"column":6},"end":{"line":12,"column":35}},"9":{"start":{"line":15,"column":4},"end":{"line":15,"column":34}},"10":{"start":{"line":16,"column":4},"end":{"line":16,"column":49}},"11":{"start":{"line":18,"column":4},"end":{"line":21,"column":6}},"12":{"start":{"line":23,"column":4},"end":{"line":27,"column":21}},"13":{"start":{"line":31,"column":0},"end":{"line":31,"column":34}}},"branchMap":{"1":{"line":11,"type":"if","locations":[{"start":{"line":11,"column":4},"end":{"line":11,"column":4}},{"start":{"line":11,"column":4},"end":{"line":11,"column":4}}]},"2":{"line":11,"type":"binary-expr","locations":[{"start":{"line":11,"column":8},"end":{"line":11,"column":13}},{"start":{"line":11,"column":17},"end":{"line":11,"column":28}}]},"3":{"line":15,"type":"binary-expr","locations":[{"start":{"line":15,"column":16},"end":{"line":15,"column":25}},{"start":{"line":15,"column":29},"end":{"line":15,"column":33}}]}},"code":["'use strict';","","const request = require('./utils/request');","const memoize = require('./utils/memoize');","const cheerio = require('cheerio');","","const getParseList = require('./utils/parseList');","","function similar (opts) {","  return new Promise(function (resolve, reject) {","    if (!opts || !opts.appId) {","      throw Error('appId missing');","    }","","    opts.lang = opts.lang || 'en';","    const appId = encodeURIComponent(opts.appId);","","    const options = {","      url: `https://play.google.com/store/apps/similar?id=${appId}&hl=${opts.lang}`,","      proxy: opts.proxy","    };","","    request(options, opts.throttle)","      .then(cheerio.load)","      .then(getParseList(opts))","      .then(resolve)","      .catch(reject);","  });","}","","module.exports = memoize(similar);",""],"l":{"3":2,"4":0,"5":0,"7":0,"9":1,"10":0,"11":0,"12":0,"15":0,"16":0,"18":0,"23":0,"31":0}},"/home/travis/build/npmtest/node-npmtest-google-play-scraper/node_modules/google-play-scraper/lib/suggest.js":{"path":"/home/travis/build/npmtest/node-npmtest-google-play-scraper/node_modules/google-play-scraper/lib/suggest.js","s":{"1":2,"2":0,"3":0,"4":1,"5":0,"6":0,"7":0,"8":0,"9":0,"10":0,"11":0,"12":0,"13":0},"b":{"1":[0,0],"2":[0,0]},"f":{"1":0,"2":0,"3":0},"fnMap":{"1":{"name":"suggest","line":7,"loc":{"start":{"line":7,"column":0},"end":{"line":7,"column":24}}},"2":{"name":"(anonymous_2)","line":8,"loc":{"start":{"line":8,"column":21},"end":{"line":8,"column":48}}},"3":{"name":"(anonymous_3)","line":21,"loc":{"start":{"line":21,"column":12},"end":{"line":21,"column":27}}}},"statementMap":{"1":{"start":{"line":3,"column":0},"end":{"line":3,"column":43}},"2":{"start":{"line":4,"column":0},"end":{"line":4,"column":43}},"3":{"start":{"line":5,"column":0},"end":{"line":5,"column":27}},"4":{"start":{"line":7,"column":0},"end":{"line":27,"column":1}},"5":{"start":{"line":8,"column":2},"end":{"line":26,"column":5}},"6":{"start":{"line":9,"column":4},"end":{"line":11,"column":5}},"7":{"start":{"line":10,"column":6},"end":{"line":10,"column":34}},"8":{"start":{"line":13,"column":4},"end":{"line":13,"column":47}},"9":{"start":{"line":14,"column":4},"end":{"line":18,"column":6}},"10":{"start":{"line":20,"column":4},"end":{"line":25,"column":21}},"11":{"start":{"line":22,"column":8},"end":{"line":22,"column":46}},"12":{"start":{"line":23,"column":8},"end":{"line":23,"column":29}},"13":{"start":{"line":29,"column":0},"end":{"line":29,"column":34}}},"branchMap":{"1":{"line":9,"type":"if","locations":[{"start":{"line":9,"column":4},"end":{"line":9,"column":4}},{"start":{"line":9,"column":4},"end":{"line":9,"column":4}}]},"2":{"line":9,"type":"binary-expr","locations":[{"start":{"line":9,"column":8},"end":{"line":9,"column":13}},{"start":{"line":9,"column":17},"end":{"line":9,"column":27}}]}},"code":["'use strict';","","const request = require('./utils/request');","const memoize = require('./utils/memoize');","const R = require('ramda');","","function suggest (opts) {","  return new Promise(function (resolve, reject) {","    if (!opts && !opts.term) {","      throw Error('term missing');","    }","","    const term = encodeURIComponent(opts.term);","    const options = {","      url: `https://market.android.com/suggest/SuggRequest?json=1&c=3&query=${term}`,","      json: true,","      proxy: opts.proxy","    };","","    request(options, opts.throttle)","      .then(function (res) {","        const suggestions = R.pluck('s', res);","        resolve(suggestions);","      })","      .catch(reject);","  });","}","","module.exports = memoize(suggest);",""],"l":{"3":2,"4":0,"5":0,"7":1,"8":0,"9":0,"10":0,"13":0,"14":0,"20":0,"22":0,"23":0,"29":0}},"/home/travis/build/npmtest/node-npmtest-google-play-scraper/node_modules/google-play-scraper/lib/utils/memoize.js":{"path":"/home/travis/build/npmtest/node-npmtest-google-play-scraper/node_modules/google-play-scraper/lib/utils/memoize.js","s":{"1":1,"2":1,"3":0,"4":0,"5":0,"6":0,"7":0,"8":1},"b":{"1":[0,0]},"f":{"1":0,"2":0},"fnMap":{"1":{"name":"memoize","line":5,"loc":{"start":{"line":5,"column":0},"end":{"line":5,"column":22}}},"2":{"name":"(anonymous_2)","line":13,"loc":{"start":{"line":13,"column":9},"end":{"line":13,"column":25}}}},"statementMap":{"1":{"start":{"line":3,"column":0},"end":{"line":3,"column":37}},"2":{"start":{"line":5,"column":0},"end":{"line":19,"column":1}},"3":{"start":{"line":6,"column":2},"end":{"line":11,"column":5}},"4":{"start":{"line":13,"column":2},"end":{"line":18,"column":4}},"5":{"start":{"line":14,"column":4},"end":{"line":16,"column":5}},"6":{"start":{"line":15,"column":6},"end":{"line":15,"column":28}},"7":{"start":{"line":17,"column":4},"end":{"line":17,"column":20}},"8":{"start":{"line":21,"column":0},"end":{"line":21,"column":25}}},"branchMap":{"1":{"line":14,"type":"if","locations":[{"start":{"line":14,"column":4},"end":{"line":14,"column":4}},{"start":{"line":14,"column":4},"end":{"line":14,"column":4}}]}},"code":["'use strict';","","const memoizee = require('memoizee');","","function memoize (fn) {","  const memoized = memoizee(fn, {","    primitive: true,","    normalizer: JSON.stringify,","    maxAge: 1000 * 60 * 60 * 12, // cache for 12 hours","    max: 1000 // save up to 1k results to avoid memory issues","  });","","  return function (opts) {","    if (opts.cache !== false) {","      return memoized(opts);","    }","    return fn(opts);","  };","}","","module.exports = memoize;",""],"l":{"3":1,"5":1,"6":0,"13":0,"14":0,"15":0,"17":0,"21":1}},"/home/travis/build/npmtest/node-npmtest-google-play-scraper/node_modules/google-play-scraper/lib/utils/parseList.js":{"path":"/home/travis/build/npmtest/node-npmtest-google-play-scraper/node_modules/google-play-scraper/lib/utils/parseList.js","s":{"1":2,"2":1,"3":0,"4":0,"5":0,"6":0,"7":1,"8":0,"9":0,"10":0,"11":0,"12":0,"13":1,"14":0,"15":0,"16":1,"17":0,"18":0,"19":0,"20":0,"21":0,"22":0,"23":0,"24":0,"25":0,"26":0},"b":{"1":[0,0],"2":[0,0],"3":[0,0]},"f":{"1":0,"2":0,"3":0,"4":0,"5":0,"6":0,"7":0},"fnMap":{"1":{"name":"getParseList","line":8,"loc":{"start":{"line":8,"column":0},"end":{"line":8,"column":29}}},"2":{"name":"getParseDetailList","line":21,"loc":{"start":{"line":21,"column":0},"end":{"line":21,"column":35}}},"3":{"name":"(anonymous_3)","line":22,"loc":{"start":{"line":22,"column":9},"end":{"line":22,"column":22}}},"4":{"name":"(anonymous_4)","line":23,"loc":{"start":{"line":23,"column":61},"end":{"line":23,"column":76}}},"5":{"name":"parseList","line":37,"loc":{"start":{"line":37,"column":0},"end":{"line":37,"column":23}}},"6":{"name":"(anonymous_6)","line":38,"loc":{"start":{"line":38,"column":30},"end":{"line":38,"column":45}}},"7":{"name":"parseApp","line":43,"loc":{"start":{"line":43,"column":0},"end":{"line":43,"column":24}}}},"statementMap":{"1":{"start":{"line":3,"column":0},"end":{"line":3,"column":33}},"2":{"start":{"line":8,"column":0},"end":{"line":14,"column":1}},"3":{"start":{"line":9,"column":2},"end":{"line":11,"column":3}},"4":{"start":{"line":10,"column":4},"end":{"line":10,"column":36}},"5":{"start":{"line":13,"column":2},"end":{"line":13,"column":46}},"6":{"start":{"line":13,"column":16},"end":{"line":13,"column":45}},"7":{"start":{"line":21,"column":0},"end":{"line":35,"column":1}},"8":{"start":{"line":22,"column":2},"end":{"line":34,"column":4}},"9":{"start":{"line":23,"column":4},"end":{"line":31,"column":7}},"10":{"start":{"line":24,"column":6},"end":{"line":24,"column":46}},"11":{"start":{"line":25,"column":6},"end":{"line":30,"column":9}},"12":{"start":{"line":33,"column":4},"end":{"line":33,"column":33}},"13":{"start":{"line":37,"column":0},"end":{"line":41,"column":1}},"14":{"start":{"line":38,"column":2},"end":{"line":40,"column":5}},"15":{"start":{"line":39,"column":4},"end":{"line":39,"column":28}},"16":{"start":{"line":43,"column":0},"end":{"line":69,"column":1}},"17":{"start":{"line":44,"column":2},"end":{"line":44,"column":60}},"18":{"start":{"line":47,"column":2},"end":{"line":47,"column":33}},"19":{"start":{"line":48,"column":2},"end":{"line":50,"column":3}},"20":{"start":{"line":49,"column":4},"end":{"line":49,"column":16}},"21":{"start":{"line":52,"column":2},"end":{"line":52,"column":65}},"22":{"start":{"line":53,"column":2},"end":{"line":53,"column":12}},"23":{"start":{"line":54,"column":2},"end":{"line":56,"column":3}},"24":{"start":{"line":55,"column":4},"end":{"line":55,"column":53}},"25":{"start":{"line":58,"column":2},"end":{"line":68,"column":4}},"26":{"start":{"line":71,"column":0},"end":{"line":71,"column":30}}},"branchMap":{"1":{"line":9,"type":"if","locations":[{"start":{"line":9,"column":2},"end":{"line":9,"column":2}},{"start":{"line":9,"column":2},"end":{"line":9,"column":2}}]},"2":{"line":48,"type":"if","locations":[{"start":{"line":48,"column":2},"end":{"line":48,"column":2}},{"start":{"line":48,"column":2},"end":{"line":48,"column":2}}]},"3":{"line":54,"type":"if","locations":[{"start":{"line":54,"column":2},"end":{"line":54,"column":2}},{"start":{"line":54,"column":2},"end":{"line":54,"column":2}}]}},"code":["'use strict';","","const getApp = require('../app');","","/*"," * Return the proper parseList function according to the options."," */","function getParseList (opts) {","  if (opts.fullDetail) {","    return getParseDetailList(opts);","  }","","  return ($) => Promise.resolve(parseList($));","}","","/*"," * Returns a parseList function that just grabs the appIds,"," * fetches every app detail with the app() function and returns"," * a Promise.all()."," */","function getParseDetailList (opts) {","  return function ($) {","    const promises = $('.card').get().slice(0, opts.num).map(function (app) {","      const appId = $(app).attr('data-docid');","      return getApp({","        appId: appId,","        lang: opts.lang,","        country: opts.country,","        cache: opts.cache","      });","    });","","    return Promise.all(promises);","  };","}","","function parseList ($) {","  return $('.card').get().map(function (app) {","    return parseApp($(app));","  });","}","","function parseApp (app) {","  let price = app.find('span.display-price').first().text();","","  // if price string contains numbers, it's not free","  const free = !/\\d/.test(price);","  if (free) {","    price = '0';","  }","","  const scoreText = app.find('div.tiny-star').attr('aria-label');","  let score;","  if (scoreText) {","    score = parseFloat(scoreText.match(/[\\d.]+/)[0]);","  }","","  return {","    url: 'https://play.google.com' + app.find('a').attr('href'),","    appId: app.attr('data-docid'),","    title: app.find('a.title').attr('title'),","    summary: app.find('div.description').text().trim(),","    developer: app.find('a.subtitle').text(),","    icon: app.find('img.cover-image').attr('data-cover-large'),","    score: score,","    price: price,","    free: free","  };","}","","module.exports = getParseList;",""],"l":{"3":2,"8":1,"9":0,"10":0,"13":0,"21":1,"22":0,"23":0,"24":0,"25":0,"33":0,"37":1,"38":0,"39":0,"43":1,"44":0,"47":0,"48":0,"49":0,"52":0,"53":0,"54":0,"55":0,"58":0,"71":0}}}